2024-10-22 23:06:30,698 [Worker-7: Loading available Gradle versions] INFO  o.e.b.c.i.u.g.PublishedGradleVersions - Gradle version information cache is up-to-date. Trying to read.
2024-10-22 23:08:42,286 [Worker-20: Launching mavenrun-6fae9ec6-9a5e-4dca-9315-bf4bcd7e4852] INFO  o.eclipse.m2e.core.internal.Bundles - getClasspathEntries(Bundle=org.eclipse.m2e.maven.runtime_3.9.900.20240824-1409 [640])
2024-10-22 23:08:42,290 [Worker-20: Launching mavenrun-6fae9ec6-9a5e-4dca-9315-bf4bcd7e4852] INFO  o.eclipse.m2e.core.internal.Bundles - 	Entry: C:\Users\rishi\.p2\pool\plugins\org.eclipse.m2e.maven.runtime_3.9.900.20240824-1409
2024-10-22 23:08:42,291 [Worker-20: Launching mavenrun-6fae9ec6-9a5e-4dca-9315-bf4bcd7e4852] INFO  o.eclipse.m2e.core.internal.Bundles - 	Entry: C:\Users\rishi\.p2\pool\plugins\org.eclipse.m2e.maven.runtime_3.9.900.20240824-1409\jars\aopalliance-1.0.jar
2024-10-22 23:08:42,293 [Worker-20: Launching mavenrun-6fae9ec6-9a5e-4dca-9315-bf4bcd7e4852] INFO  o.eclipse.m2e.core.internal.Bundles - 	Entry: C:\Users\rishi\.p2\pool\plugins\org.eclipse.m2e.maven.runtime_3.9.900.20240824-1409\jars\guice-5.1.0.jar
2024-10-22 23:08:42,294 [Worker-20: Launching mavenrun-6fae9ec6-9a5e-4dca-9315-bf4bcd7e4852] INFO  o.eclipse.m2e.core.internal.Bundles - 	Entry: C:\Users\rishi\.p2\pool\plugins\org.eclipse.m2e.maven.runtime_3.9.900.20240824-1409\jars\httpclient-4.5.14.jar
2024-10-22 23:08:42,294 [Worker-20: Launching mavenrun-6fae9ec6-9a5e-4dca-9315-bf4bcd7e4852] INFO  o.eclipse.m2e.core.internal.Bundles - 	Entry: C:\Users\rishi\.p2\pool\plugins\org.eclipse.m2e.maven.runtime_3.9.900.20240824-1409\jars\httpcore-4.4.16.jar
2024-10-22 23:08:42,294 [Worker-20: Launching mavenrun-6fae9ec6-9a5e-4dca-9315-bf4bcd7e4852] INFO  o.eclipse.m2e.core.internal.Bundles - 	Entry: C:\Users\rishi\.p2\pool\plugins\org.eclipse.m2e.maven.runtime_3.9.900.20240824-1409\jars\jansi-2.4.1.jar
2024-10-22 23:08:42,294 [Worker-20: Launching mavenrun-6fae9ec6-9a5e-4dca-9315-bf4bcd7e4852] INFO  o.eclipse.m2e.core.internal.Bundles - 	Entry: C:\Users\rishi\.p2\pool\plugins\org.eclipse.m2e.maven.runtime_3.9.900.20240824-1409\jars\jcl-over-slf4j-1.7.36.jar
2024-10-22 23:08:42,294 [Worker-20: Launching mavenrun-6fae9ec6-9a5e-4dca-9315-bf4bcd7e4852] INFO  o.eclipse.m2e.core.internal.Bundles - 	Entry: C:\Users\rishi\.p2\pool\plugins\org.eclipse.m2e.maven.runtime_3.9.900.20240824-1409\jars\maven-artifact-3.9.9.jar
2024-10-22 23:08:42,294 [Worker-20: Launching mavenrun-6fae9ec6-9a5e-4dca-9315-bf4bcd7e4852] INFO  o.eclipse.m2e.core.internal.Bundles - 	Entry: C:\Users\rishi\.p2\pool\plugins\org.eclipse.m2e.maven.runtime_3.9.900.20240824-1409\jars\maven-builder-support-3.9.9.jar
2024-10-22 23:08:42,295 [Worker-20: Launching mavenrun-6fae9ec6-9a5e-4dca-9315-bf4bcd7e4852] INFO  o.eclipse.m2e.core.internal.Bundles - 	Entry: C:\Users\rishi\.p2\pool\plugins\org.eclipse.m2e.maven.runtime_3.9.900.20240824-1409\jars\maven-compat-3.9.9.jar
2024-10-22 23:08:42,295 [Worker-20: Launching mavenrun-6fae9ec6-9a5e-4dca-9315-bf4bcd7e4852] INFO  o.eclipse.m2e.core.internal.Bundles - 	Entry: C:\Users\rishi\.p2\pool\plugins\org.eclipse.m2e.maven.runtime_3.9.900.20240824-1409\jars\maven-core-3.9.9.jar
2024-10-22 23:08:42,295 [Worker-20: Launching mavenrun-6fae9ec6-9a5e-4dca-9315-bf4bcd7e4852] INFO  o.eclipse.m2e.core.internal.Bundles - 	Entry: C:\Users\rishi\.p2\pool\plugins\org.eclipse.m2e.maven.runtime_3.9.900.20240824-1409\jars\maven-embedder-3.9.9.jar
2024-10-22 23:08:42,295 [Worker-20: Launching mavenrun-6fae9ec6-9a5e-4dca-9315-bf4bcd7e4852] INFO  o.eclipse.m2e.core.internal.Bundles - 	Entry: C:\Users\rishi\.p2\pool\plugins\org.eclipse.m2e.maven.runtime_3.9.900.20240824-1409\jars\maven-model-3.9.9.jar
2024-10-22 23:08:42,295 [Worker-20: Launching mavenrun-6fae9ec6-9a5e-4dca-9315-bf4bcd7e4852] INFO  o.eclipse.m2e.core.internal.Bundles - 	Entry: C:\Users\rishi\.p2\pool\plugins\org.eclipse.m2e.maven.runtime_3.9.900.20240824-1409\jars\maven-model-builder-3.9.9.jar
2024-10-22 23:08:42,296 [Worker-20: Launching mavenrun-6fae9ec6-9a5e-4dca-9315-bf4bcd7e4852] INFO  o.eclipse.m2e.core.internal.Bundles - 	Entry: C:\Users\rishi\.p2\pool\plugins\org.eclipse.m2e.maven.runtime_3.9.900.20240824-1409\jars\maven-plugin-api-3.9.9.jar
2024-10-22 23:08:42,296 [Worker-20: Launching mavenrun-6fae9ec6-9a5e-4dca-9315-bf4bcd7e4852] INFO  o.eclipse.m2e.core.internal.Bundles - 	Entry: C:\Users\rishi\.p2\pool\plugins\org.eclipse.m2e.maven.runtime_3.9.900.20240824-1409\jars\maven-repository-metadata-3.9.9.jar
2024-10-22 23:08:42,296 [Worker-20: Launching mavenrun-6fae9ec6-9a5e-4dca-9315-bf4bcd7e4852] INFO  o.eclipse.m2e.core.internal.Bundles - 	Entry: C:\Users\rishi\.p2\pool\plugins\org.eclipse.m2e.maven.runtime_3.9.900.20240824-1409\jars\maven-resolver-api-1.9.22.jar
2024-10-22 23:08:42,297 [Worker-20: Launching mavenrun-6fae9ec6-9a5e-4dca-9315-bf4bcd7e4852] INFO  o.eclipse.m2e.core.internal.Bundles - 	Entry: C:\Users\rishi\.p2\pool\plugins\org.eclipse.m2e.maven.runtime_3.9.900.20240824-1409\jars\maven-resolver-connector-basic-1.9.22.jar
2024-10-22 23:08:42,297 [Worker-20: Launching mavenrun-6fae9ec6-9a5e-4dca-9315-bf4bcd7e4852] INFO  o.eclipse.m2e.core.internal.Bundles - 	Entry: C:\Users\rishi\.p2\pool\plugins\org.eclipse.m2e.maven.runtime_3.9.900.20240824-1409\jars\maven-resolver-impl-1.9.22.jar
2024-10-22 23:08:42,297 [Worker-20: Launching mavenrun-6fae9ec6-9a5e-4dca-9315-bf4bcd7e4852] INFO  o.eclipse.m2e.core.internal.Bundles - 	Entry: C:\Users\rishi\.p2\pool\plugins\org.eclipse.m2e.maven.runtime_3.9.900.20240824-1409\jars\maven-resolver-named-locks-1.9.22.jar
2024-10-22 23:08:42,297 [Worker-20: Launching mavenrun-6fae9ec6-9a5e-4dca-9315-bf4bcd7e4852] INFO  o.eclipse.m2e.core.internal.Bundles - 	Entry: C:\Users\rishi\.p2\pool\plugins\org.eclipse.m2e.maven.runtime_3.9.900.20240824-1409\jars\maven-resolver-provider-3.9.9.jar
2024-10-22 23:08:42,298 [Worker-20: Launching mavenrun-6fae9ec6-9a5e-4dca-9315-bf4bcd7e4852] INFO  o.eclipse.m2e.core.internal.Bundles - 	Entry: C:\Users\rishi\.p2\pool\plugins\org.eclipse.m2e.maven.runtime_3.9.900.20240824-1409\jars\maven-resolver-spi-1.9.22.jar
2024-10-22 23:08:42,298 [Worker-20: Launching mavenrun-6fae9ec6-9a5e-4dca-9315-bf4bcd7e4852] INFO  o.eclipse.m2e.core.internal.Bundles - 	Entry: C:\Users\rishi\.p2\pool\plugins\org.eclipse.m2e.maven.runtime_3.9.900.20240824-1409\jars\maven-resolver-transport-file-1.9.22.jar
2024-10-22 23:08:42,298 [Worker-20: Launching mavenrun-6fae9ec6-9a5e-4dca-9315-bf4bcd7e4852] INFO  o.eclipse.m2e.core.internal.Bundles - 	Entry: C:\Users\rishi\.p2\pool\plugins\org.eclipse.m2e.maven.runtime_3.9.900.20240824-1409\jars\maven-resolver-transport-http-1.9.22.jar
2024-10-22 23:08:42,299 [Worker-20: Launching mavenrun-6fae9ec6-9a5e-4dca-9315-bf4bcd7e4852] INFO  o.eclipse.m2e.core.internal.Bundles - 	Entry: C:\Users\rishi\.p2\pool\plugins\org.eclipse.m2e.maven.runtime_3.9.900.20240824-1409\jars\maven-resolver-transport-wagon-1.9.22.jar
2024-10-22 23:08:42,299 [Worker-20: Launching mavenrun-6fae9ec6-9a5e-4dca-9315-bf4bcd7e4852] INFO  o.eclipse.m2e.core.internal.Bundles - 	Entry: C:\Users\rishi\.p2\pool\plugins\org.eclipse.m2e.maven.runtime_3.9.900.20240824-1409\jars\maven-resolver-util-1.9.22.jar
2024-10-22 23:08:42,299 [Worker-20: Launching mavenrun-6fae9ec6-9a5e-4dca-9315-bf4bcd7e4852] INFO  o.eclipse.m2e.core.internal.Bundles - 	Entry: C:\Users\rishi\.p2\pool\plugins\org.eclipse.m2e.maven.runtime_3.9.900.20240824-1409\jars\maven-settings-3.9.9.jar
2024-10-22 23:08:42,299 [Worker-20: Launching mavenrun-6fae9ec6-9a5e-4dca-9315-bf4bcd7e4852] INFO  o.eclipse.m2e.core.internal.Bundles - 	Entry: C:\Users\rishi\.p2\pool\plugins\org.eclipse.m2e.maven.runtime_3.9.900.20240824-1409\jars\maven-settings-builder-3.9.9.jar
2024-10-22 23:08:42,300 [Worker-20: Launching mavenrun-6fae9ec6-9a5e-4dca-9315-bf4bcd7e4852] INFO  o.eclipse.m2e.core.internal.Bundles - 	Entry: C:\Users\rishi\.p2\pool\plugins\org.eclipse.m2e.maven.runtime_3.9.900.20240824-1409\jars\maven-shared-utils-3.4.2.jar
2024-10-22 23:08:42,300 [Worker-20: Launching mavenrun-6fae9ec6-9a5e-4dca-9315-bf4bcd7e4852] INFO  o.eclipse.m2e.core.internal.Bundles - 	Entry: C:\Users\rishi\.p2\pool\plugins\org.eclipse.m2e.maven.runtime_3.9.900.20240824-1409\jars\org.eclipse.sisu.inject-0.9.0.M3.jar
2024-10-22 23:08:42,300 [Worker-20: Launching mavenrun-6fae9ec6-9a5e-4dca-9315-bf4bcd7e4852] INFO  o.eclipse.m2e.core.internal.Bundles - 	Entry: C:\Users\rishi\.p2\pool\plugins\org.eclipse.m2e.maven.runtime_3.9.900.20240824-1409\jars\org.eclipse.sisu.plexus-0.9.0.M3.jar
2024-10-22 23:08:42,300 [Worker-20: Launching mavenrun-6fae9ec6-9a5e-4dca-9315-bf4bcd7e4852] INFO  o.eclipse.m2e.core.internal.Bundles - 	Entry: C:\Users\rishi\.p2\pool\plugins\org.eclipse.m2e.maven.runtime_3.9.900.20240824-1409\jars\plexus-build-api-0.0.7.jar
2024-10-22 23:08:42,301 [Worker-20: Launching mavenrun-6fae9ec6-9a5e-4dca-9315-bf4bcd7e4852] INFO  o.eclipse.m2e.core.internal.Bundles - 	Entry: C:\Users\rishi\.p2\pool\plugins\org.eclipse.m2e.maven.runtime_3.9.900.20240824-1409\jars\plexus-build-api-1.2.0.jar
2024-10-22 23:08:42,301 [Worker-20: Launching mavenrun-6fae9ec6-9a5e-4dca-9315-bf4bcd7e4852] INFO  o.eclipse.m2e.core.internal.Bundles - 	Entry: C:\Users\rishi\.p2\pool\plugins\org.eclipse.m2e.maven.runtime_3.9.900.20240824-1409\jars\plexus-cipher-2.0.jar
2024-10-22 23:08:42,301 [Worker-20: Launching mavenrun-6fae9ec6-9a5e-4dca-9315-bf4bcd7e4852] INFO  o.eclipse.m2e.core.internal.Bundles - 	Entry: C:\Users\rishi\.p2\pool\plugins\org.eclipse.m2e.maven.runtime_3.9.900.20240824-1409\jars\plexus-classworlds-2.8.0.jar
2024-10-22 23:08:42,302 [Worker-20: Launching mavenrun-6fae9ec6-9a5e-4dca-9315-bf4bcd7e4852] INFO  o.eclipse.m2e.core.internal.Bundles - 	Entry: C:\Users\rishi\.p2\pool\plugins\org.eclipse.m2e.maven.runtime_3.9.900.20240824-1409\jars\plexus-component-annotations-2.1.0.jar
2024-10-22 23:08:42,302 [Worker-20: Launching mavenrun-6fae9ec6-9a5e-4dca-9315-bf4bcd7e4852] INFO  o.eclipse.m2e.core.internal.Bundles - 	Entry: C:\Users\rishi\.p2\pool\plugins\org.eclipse.m2e.maven.runtime_3.9.900.20240824-1409\jars\plexus-interpolation-1.27.jar
2024-10-22 23:08:42,302 [Worker-20: Launching mavenrun-6fae9ec6-9a5e-4dca-9315-bf4bcd7e4852] INFO  o.eclipse.m2e.core.internal.Bundles - 	Entry: C:\Users\rishi\.p2\pool\plugins\org.eclipse.m2e.maven.runtime_3.9.900.20240824-1409\jars\plexus-sec-dispatcher-2.0.jar
2024-10-22 23:08:42,303 [Worker-20: Launching mavenrun-6fae9ec6-9a5e-4dca-9315-bf4bcd7e4852] INFO  o.eclipse.m2e.core.internal.Bundles - 	Entry: C:\Users\rishi\.p2\pool\plugins\org.eclipse.m2e.maven.runtime_3.9.900.20240824-1409\jars\plexus-utils-3.5.1.jar
2024-10-22 23:08:42,303 [Worker-20: Launching mavenrun-6fae9ec6-9a5e-4dca-9315-bf4bcd7e4852] INFO  o.eclipse.m2e.core.internal.Bundles - 	Entry: C:\Users\rishi\.p2\pool\plugins\org.eclipse.m2e.maven.runtime_3.9.900.20240824-1409\jars\plexus-xml-3.0.1.jar
2024-10-22 23:08:42,304 [Worker-20: Launching mavenrun-6fae9ec6-9a5e-4dca-9315-bf4bcd7e4852] INFO  o.eclipse.m2e.core.internal.Bundles - 	Entry: C:\Users\rishi\.p2\pool\plugins\org.eclipse.m2e.maven.runtime_3.9.900.20240824-1409\jars\wagon-file-3.5.3.jar
2024-10-22 23:08:42,304 [Worker-20: Launching mavenrun-6fae9ec6-9a5e-4dca-9315-bf4bcd7e4852] INFO  o.eclipse.m2e.core.internal.Bundles - 	Entry: C:\Users\rishi\.p2\pool\plugins\org.eclipse.m2e.maven.runtime_3.9.900.20240824-1409\jars\wagon-http-3.5.3.jar
2024-10-22 23:08:42,305 [Worker-20: Launching mavenrun-6fae9ec6-9a5e-4dca-9315-bf4bcd7e4852] INFO  o.eclipse.m2e.core.internal.Bundles - 	Entry: C:\Users\rishi\.p2\pool\plugins\org.eclipse.m2e.maven.runtime_3.9.900.20240824-1409\jars\wagon-http-shared-3.5.3.jar
2024-10-22 23:08:42,305 [Worker-20: Launching mavenrun-6fae9ec6-9a5e-4dca-9315-bf4bcd7e4852] INFO  o.eclipse.m2e.core.internal.Bundles - 	Entry: C:\Users\rishi\.p2\pool\plugins\org.eclipse.m2e.maven.runtime_3.9.900.20240824-1409\jars\wagon-provider-api-3.5.3.jar
2024-10-22 23:08:42,307 [Worker-20: Launching mavenrun-6fae9ec6-9a5e-4dca-9315-bf4bcd7e4852] INFO  o.eclipse.m2e.core.internal.Bundles - getClasspathEntries(Bundle=com.google.guava_33.3.0.jre [16])
2024-10-22 23:08:42,308 [Worker-20: Launching mavenrun-6fae9ec6-9a5e-4dca-9315-bf4bcd7e4852] INFO  o.eclipse.m2e.core.internal.Bundles - 	Entry: C:\Users\rishi\.p2\pool\plugins\com.google.guava_33.3.0.jre.jar
2024-10-22 23:08:42,308 [Worker-20: Launching mavenrun-6fae9ec6-9a5e-4dca-9315-bf4bcd7e4852] INFO  o.eclipse.m2e.core.internal.Bundles - getClasspathEntries(Bundle=slf4j.api_2.0.16 [1005])
2024-10-22 23:08:42,309 [Worker-20: Launching mavenrun-6fae9ec6-9a5e-4dca-9315-bf4bcd7e4852] INFO  o.eclipse.m2e.core.internal.Bundles - 	Entry: C:\Users\rishi\.p2\pool\plugins\slf4j.api_2.0.16.jar
2024-10-22 23:08:42,309 [Worker-20: Launching mavenrun-6fae9ec6-9a5e-4dca-9315-bf4bcd7e4852] INFO  o.eclipse.m2e.core.internal.Bundles - getClasspathEntries(Bundle=jakarta.inject.jakarta.inject-api_1.0.5 [34])
2024-10-22 23:08:42,310 [Worker-20: Launching mavenrun-6fae9ec6-9a5e-4dca-9315-bf4bcd7e4852] INFO  o.eclipse.m2e.core.internal.Bundles - 	Entry: C:\Users\rishi\.p2\pool\plugins\jakarta.inject.jakarta.inject-api_1.0.5.jar
2024-10-22 23:08:42,310 [Worker-20: Launching mavenrun-6fae9ec6-9a5e-4dca-9315-bf4bcd7e4852] INFO  o.eclipse.m2e.core.internal.Bundles - getClasspathEntries(Bundle=jakarta.annotation-api_1.3.5 [29])
2024-10-22 23:08:42,310 [Worker-20: Launching mavenrun-6fae9ec6-9a5e-4dca-9315-bf4bcd7e4852] INFO  o.eclipse.m2e.core.internal.Bundles - 	Entry: C:\Users\rishi\.p2\pool\plugins\jakarta.annotation-api_1.3.5.jar
2024-10-22 23:08:42,310 [Worker-20: Launching mavenrun-6fae9ec6-9a5e-4dca-9315-bf4bcd7e4852] INFO  o.eclipse.m2e.core.internal.Bundles - getClasspathEntries(Bundle=org.apache.commons.cli_1.9.0 [78])
2024-10-22 23:08:42,311 [Worker-20: Launching mavenrun-6fae9ec6-9a5e-4dca-9315-bf4bcd7e4852] INFO  o.eclipse.m2e.core.internal.Bundles - 	Entry: C:\Users\rishi\.p2\pool\plugins\org.apache.commons.cli_1.9.0.jar
2024-10-22 23:08:42,311 [Worker-20: Launching mavenrun-6fae9ec6-9a5e-4dca-9315-bf4bcd7e4852] INFO  o.eclipse.m2e.core.internal.Bundles - getClasspathEntries(Bundle=org.apache.commons.commons-codec_1.16.0 [81])
2024-10-22 23:08:42,311 [Worker-20: Launching mavenrun-6fae9ec6-9a5e-4dca-9315-bf4bcd7e4852] INFO  o.eclipse.m2e.core.internal.Bundles - 	Entry: C:\Users\rishi\.p2\pool\plugins\org.apache.commons.commons-codec_1.16.0.jar
2024-10-22 23:08:42,311 [Worker-20: Launching mavenrun-6fae9ec6-9a5e-4dca-9315-bf4bcd7e4852] INFO  o.eclipse.m2e.core.internal.Bundles - getClasspathEntries(Bundle=com.google.guava.failureaccess_1.0.2 [17])
2024-10-22 23:08:42,312 [Worker-20: Launching mavenrun-6fae9ec6-9a5e-4dca-9315-bf4bcd7e4852] INFO  o.eclipse.m2e.core.internal.Bundles - 	Entry: C:\Users\rishi\.p2\pool\plugins\com.google.guava.failureaccess_1.0.2.jar
2024-10-22 23:08:42,319 [Worker-20: Launching mavenrun-6fae9ec6-9a5e-4dca-9315-bf4bcd7e4852] INFO  o.e.m.i.launch.MavenLaunchDelegate - Run build in "C:\Users\rishi\AppData\Local\Temp\m2e-archetypeGenerator8181393599470379374":
2024-10-22 23:08:42,324 [Worker-20: Launching mavenrun-6fae9ec6-9a5e-4dca-9315-bf4bcd7e4852] INFO  o.e.m.i.launch.MavenLaunchDelegate -  mvn  -DarchetypeGroupId=org.apache.maven.archetypes -DarchetypeArtifactId=maven-archetype-webapp -DarchetypeVersion=1.5 -DgroupId=hibernate -DartifactId=setting_up -Dversion=0.0.1-SNAPSHOT -Dpackage=hibernate.setting_up -DoutputDirectory=D:\Learning-Hivernate -Dstyle.color=always -U archetype:generate
2024-10-22 23:09:14,223 [Worker-2: Creating maven-archetype-webapp] INFO  o.e.m.c.i.p.ProjectConfigurationManager - Collecting project info '/pom.xml' D:\Learning-Hivernate\setting_up\pom.xml
2024-10-22 23:09:14,892 [Worker-2: Creating maven-archetype-webapp] INFO  o.e.m.c.i.l.LifecycleMappingFactory - Using org.maven.ide.eclipse.wtp.WarLifecycleMapping lifecycle mapping for MavenProject: hibernate:setting_up:0.0.1-SNAPSHOT @ D:\Learning-Hivernate\setting_up\pom.xml.
2024-10-22 23:09:15,716 [Worker-2: Creating maven-archetype-webapp] INFO  o.e.m.j.i.AbstractJavaProjectConfigurator - Adding source folder /setting_up/src/main/java
2024-10-22 23:09:15,718 [Worker-2: Creating maven-archetype-webapp] INFO  o.e.m.j.i.AbstractJavaProjectConfigurator - Adding resource folder /setting_up/src/main/resources
2024-10-22 23:09:15,720 [Worker-2: Creating maven-archetype-webapp] INFO  o.e.m.j.i.AbstractJavaProjectConfigurator - Adding source folder /setting_up/src/test/java
2024-10-22 23:09:15,721 [Worker-2: Creating maven-archetype-webapp] INFO  o.e.m.j.i.AbstractJavaProjectConfigurator - Adding resource folder /setting_up/src/test/resources
2024-10-22 23:09:17,048 [Worker-2: Creating maven-archetype-webapp] INFO  o.e.m.c.i.p.ProjectConfigurationManager - Imported and configured 1 project(s) in 2 sec
2024-10-22 23:09:17,723 [Worker-35: Building] INFO  o.a.m.s.f.DefaultMavenResourcesFiltering - skip non existing resourceDirectory D:\Learning-Hivernate\setting_up\src\main\resources
2024-10-22 23:09:17,729 [Worker-35: Building] INFO  o.a.m.s.f.DefaultMavenResourcesFiltering - skip non existing resourceDirectory D:\Learning-Hivernate\setting_up\src\test\resources
2024-10-22 23:17:33,596 [Worker-35: Building] INFO  o.e.m.c.i.l.LifecycleMappingFactory - Using org.maven.ide.eclipse.wtp.WarLifecycleMapping lifecycle mapping for MavenProject: hibernate:setting_up:0.0.1-SNAPSHOT @ D:\Learning-Hivernate\setting_up\pom.xml.
2024-10-22 23:17:34,096 [Worker-35: Building] INFO  o.e.m.c.i.e.AbstractTransferListenerAdapter - Downloading https://repo.maven.apache.org/maven2/mysql/mysql-connector-java/8.0.30/mysql-connector-java-8.0.30.pom
2024-10-22 23:17:34,110 [Worker-35: Building] INFO  o.e.m.c.i.e.AbstractTransferListenerAdapter - Downloaded https://repo.maven.apache.org/maven2/mysql/mysql-connector-java/8.0.30/mysql-connector-java-8.0.30.pom
2024-10-22 23:17:34,211 [Worker-35: Building] INFO  o.e.m.c.i.e.AbstractTransferListenerAdapter - Downloading https://repo.maven.apache.org/maven2/com/google/protobuf/protobuf-java/3.19.4/protobuf-java-3.19.4.pom
2024-10-22 23:17:34,219 [Worker-35: Building] INFO  o.e.m.c.i.e.AbstractTransferListenerAdapter - Downloaded https://repo.maven.apache.org/maven2/com/google/protobuf/protobuf-java/3.19.4/protobuf-java-3.19.4.pom
2024-10-22 23:17:34,302 [Worker-35: Building] INFO  o.e.m.c.i.e.AbstractTransferListenerAdapter - Downloading https://repo.maven.apache.org/maven2/com/google/protobuf/protobuf-parent/3.19.4/protobuf-parent-3.19.4.pom
2024-10-22 23:17:34,311 [Worker-35: Building] INFO  o.e.m.c.i.e.AbstractTransferListenerAdapter - Downloaded https://repo.maven.apache.org/maven2/com/google/protobuf/protobuf-parent/3.19.4/protobuf-parent-3.19.4.pom
2024-10-22 23:17:34,390 [Worker-35: Building] INFO  o.e.m.c.i.e.AbstractTransferListenerAdapter - Downloading https://repo.maven.apache.org/maven2/com/google/protobuf/protobuf-bom/3.19.4/protobuf-bom-3.19.4.pom
2024-10-22 23:17:34,395 [Worker-35: Building] INFO  o.e.m.c.i.e.AbstractTransferListenerAdapter - Downloaded https://repo.maven.apache.org/maven2/com/google/protobuf/protobuf-bom/3.19.4/protobuf-bom-3.19.4.pom
2024-10-22 23:17:34,871 [Worker-35: Building] INFO  o.e.m.c.i.e.AbstractTransferListenerAdapter - Downloading https://repo.maven.apache.org/maven2/mysql/mysql-connector-java/8.0.30/mysql-connector-java-8.0.30.jar
2024-10-22 23:17:35,610 [Worker-35: Building] INFO  o.e.m.c.i.e.AbstractTransferListenerAdapter - Downloaded https://repo.maven.apache.org/maven2/mysql/mysql-connector-java/8.0.30/mysql-connector-java-8.0.30.jar
2024-10-22 23:17:35,683 [BasicRepositoryConnector-repo.maven.apache.org-0-0] INFO  o.e.m.c.i.e.AbstractTransferListenerAdapter - Downloading https://repo.maven.apache.org/maven2/com/google/protobuf/protobuf-java/3.19.4/protobuf-java-3.19.4.jar
2024-10-22 23:17:35,914 [BasicRepositoryConnector-repo.maven.apache.org-0-0] INFO  o.e.m.c.i.e.AbstractTransferListenerAdapter - Downloaded https://repo.maven.apache.org/maven2/com/google/protobuf/protobuf-java/3.19.4/protobuf-java-3.19.4.jar
2024-10-22 23:17:36,307 [Worker-35: Building] INFO  o.a.m.s.f.DefaultMavenResourcesFiltering - skip non existing resourceDirectory D:\Learning-Hivernate\setting_up\src\main\resources
2024-10-22 23:17:36,312 [Worker-35: Building] INFO  o.a.m.s.f.DefaultMavenResourcesFiltering - skip non existing resourceDirectory D:\Learning-Hivernate\setting_up\src\test\resources
2024-10-22 23:17:36,313 [Worker-35: Building] INFO  o.e.m.w.i.f.ResourceFilteringBuildParticipant - Changed resources require a complete clean of filtered resources of setting_up
2024-10-22 23:17:36,314 [Worker-35: Building] INFO  o.e.m.w.i.f.ResourceFilteringBuildParticipant - Executing resource filtering for setting_up
2024-10-22 23:17:37,291 [Worker-41: Download sources and javadoc] INFO  o.e.m.c.i.e.AbstractTransferListenerAdapter - Downloading https://repo.maven.apache.org/maven2/mysql/mysql-connector-java/8.0.30/mysql-connector-java-8.0.30-sources.jar
2024-10-22 23:17:37,833 [Worker-41: Download sources and javadoc] INFO  o.e.m.c.i.e.AbstractTransferListenerAdapter - Downloaded https://repo.maven.apache.org/maven2/mysql/mysql-connector-java/8.0.30/mysql-connector-java-8.0.30-sources.jar
2024-10-22 23:17:37,840 [Worker-41: Download sources and javadoc] INFO  o.e.m.j.internal.DownloadSourcesJob - Downloaded sources for mysql:mysql-connector-java:8.0.30
2024-10-22 23:17:38,101 [Worker-41: Download sources and javadoc] INFO  o.e.m.c.i.e.AbstractTransferListenerAdapter - Downloading https://repo.maven.apache.org/maven2/com/google/protobuf/protobuf-java/3.19.4/protobuf-java-3.19.4-sources.jar
2024-10-22 23:17:38,615 [Worker-41: Download sources and javadoc] INFO  o.e.m.c.i.e.AbstractTransferListenerAdapter - Downloaded https://repo.maven.apache.org/maven2/com/google/protobuf/protobuf-java/3.19.4/protobuf-java-3.19.4-sources.jar
2024-10-22 23:17:38,619 [Worker-41: Download sources and javadoc] INFO  o.e.m.j.internal.DownloadSourcesJob - Downloaded sources for com.google.protobuf:protobuf-java:3.19.4
2024-10-22 23:18:13,189 [Worker-36: Updating Maven Project] INFO  o.e.m.c.i.p.ProjectConfigurationManager - Update started
2024-10-22 23:18:13,242 [Worker-36: Updating Maven Project] INFO  o.e.m.c.i.l.LifecycleMappingFactory - Using org.maven.ide.eclipse.wtp.WarLifecycleMapping lifecycle mapping for MavenProject: hibernate:setting_up:0.0.1-SNAPSHOT @ D:\Learning-Hivernate\setting_up\pom.xml.
2024-10-22 23:18:13,696 [Worker-36: Updating Maven Project] INFO  o.e.m.j.i.AbstractJavaProjectConfigurator - Adding source folder /setting_up/src/main/java
2024-10-22 23:18:13,698 [Worker-36: Updating Maven Project] INFO  o.e.m.j.i.AbstractJavaProjectConfigurator - Adding resource folder /setting_up/src/main/resources
2024-10-22 23:18:13,699 [Worker-36: Updating Maven Project] INFO  o.e.m.j.i.AbstractJavaProjectConfigurator - Adding source folder /setting_up/src/test/java
2024-10-22 23:18:13,699 [Worker-36: Updating Maven Project] INFO  o.e.m.j.i.AbstractJavaProjectConfigurator - Adding resource folder /setting_up/src/test/resources
2024-10-22 23:18:14,221 [Worker-36: Updating Maven Project] INFO  o.e.m.w.i.f.ResourceFilteringBuildParticipant - Cleaning filtered folder for setting_up
2024-10-22 23:18:14,237 [Worker-36: Updating Maven Project] INFO  o.e.m.c.i.p.ProjectConfigurationManager - Update completed for 1 poms: local refresh takes 0.00 sec, refresh facades takes 0.00 sec, update config takes 0.00 sec 
2024-10-22 23:18:14,395 [Worker-41: Building Project setting_up] INFO  o.a.m.s.f.DefaultMavenResourcesFiltering - skip non existing resourceDirectory D:\Learning-Hivernate\setting_up\src\main\resources
2024-10-22 23:18:14,401 [Worker-41: Building Project setting_up] INFO  o.a.m.s.f.DefaultMavenResourcesFiltering - skip non existing resourceDirectory D:\Learning-Hivernate\setting_up\src\test\resources
2024-10-22 23:18:14,402 [Worker-41: Building Project setting_up] INFO  o.e.m.w.i.f.ResourceFilteringBuildParticipant - Changed resources require a complete clean of filtered resources of setting_up
2024-10-22 23:18:14,402 [Worker-41: Building Project setting_up] INFO  o.e.m.w.i.f.ResourceFilteringBuildParticipant - Executing resource filtering for setting_up
2024-10-22 23:18:42,077 [Worker-41: Building] INFO  o.a.m.s.f.DefaultMavenResourcesFiltering - Copying 0 resource from src\main\resources to target\classes
2024-10-22 23:18:42,090 [Worker-41: Building] INFO  o.a.m.s.f.DefaultMavenResourcesFiltering - Copying 0 resource from src\test\resources to target\test-classes
2024-10-22 23:20:10,725 [Worker-40: Building] INFO  o.a.m.s.f.DefaultMavenResourcesFiltering - Copying 0 resource from src\main\resources to target\classes
2024-10-22 23:20:10,730 [Worker-40: Building] INFO  o.a.m.s.f.DefaultMavenResourcesFiltering - Copying 0 resource from src\test\resources to target\test-classes
2024-10-22 23:21:29,274 [Worker-40: Building] INFO  o.a.m.s.f.DefaultMavenResourcesFiltering - Copying 0 resource from src\main\resources to target\classes
2024-10-22 23:21:29,277 [Worker-40: Building] INFO  o.a.m.s.f.DefaultMavenResourcesFiltering - Copying 0 resource from src\test\resources to target\test-classes
2024-10-22 23:22:15,684 [Worker-43: Building] INFO  o.a.m.s.f.DefaultMavenResourcesFiltering - Copying 0 resource from src\main\resources to target\classes
2024-10-22 23:22:15,690 [Worker-43: Building] INFO  o.a.m.s.f.DefaultMavenResourcesFiltering - Copying 0 resource from src\test\resources to target\test-classes
2024-10-22 23:23:16,181 [Start Help Server] INFO  org.eclipse.jetty.server.Server - jetty-12.0.12; built: 2024-07-25T21:58:37.668Z; git: cc6f1b74db755fed228b50701ad967aeaa68e83f; jvm 21.0.4+7-LTS
2024-10-22 23:23:16,238 [Start Help Server] INFO  o.e.j.server.handler.ContextHandler - Started oeje8n.ContextHandler$CoreContextHandler@1218ecca{/help,/help,b=null,a=AVAILABLE,h=oeje8n.ContextHandler$CoreContextHandler$CoreToNestedHandler@404a7cbf{STARTED}}
2024-10-22 23:23:16,239 [Start Help Server] INFO  o.e.j.s.DefaultSessionIdManager - Session workerName=node0
2024-10-22 23:23:16,264 [Start Help Server] INFO  o.e.jetty.server.AbstractConnector - Started ServerConnector@f8a2a98{HTTP/1.1, (http/1.1)}{127.0.0.1:56356}
2024-10-22 23:23:16,268 [Start Help Server] INFO  org.eclipse.jetty.server.Server - Started oejs.Server@3985b7a8{STARTING}[12.0.12,sto=0] @1017667ms
2024-10-22 23:27:25,179 [Worker-44: Building] INFO  o.a.m.s.f.DefaultMavenResourcesFiltering - Copying 0 resource from src\main\resources to target\classes
2024-10-22 23:27:25,182 [Worker-44: Building] INFO  o.a.m.s.f.DefaultMavenResourcesFiltering - Copying 0 resource from src\test\resources to target\test-classes
2024-10-22 23:28:08,849 [Worker-46: Building] INFO  o.a.m.s.f.DefaultMavenResourcesFiltering - Copying 0 resource from src\main\resources to target\classes
2024-10-22 23:28:08,853 [Worker-46: Building] INFO  o.a.m.s.f.DefaultMavenResourcesFiltering - Copying 0 resource from src\test\resources to target\test-classes
2024-10-22 23:28:46,446 [Worker-7: Building] INFO  o.a.m.s.f.DefaultMavenResourcesFiltering - Copying 0 resource from src\main\resources to target\classes
2024-10-22 23:28:46,450 [Worker-7: Building] INFO  o.a.m.s.f.DefaultMavenResourcesFiltering - Copying 0 resource from src\test\resources to target\test-classes
2024-10-22 23:32:44,746 [Worker-47: Building] INFO  o.a.m.s.f.DefaultMavenResourcesFiltering - Copying 0 resource from src\main\resources to target\classes
2024-10-22 23:32:44,749 [Worker-47: Building] INFO  o.a.m.s.f.DefaultMavenResourcesFiltering - Copying 0 resource from src\test\resources to target\test-classes
2024-10-22 23:33:03,781 [Worker-47: Building] INFO  o.a.m.s.f.DefaultMavenResourcesFiltering - Copying 0 resource from src\main\resources to target\classes
2024-10-22 23:33:03,784 [Worker-47: Building] INFO  o.a.m.s.f.DefaultMavenResourcesFiltering - Copying 0 resource from src\test\resources to target\test-classes
2024-10-22 23:35:59,734 [Worker-44: Building] INFO  o.a.m.s.f.DefaultMavenResourcesFiltering - Copying 0 resource from src\main\resources to target\classes
2024-10-22 23:35:59,737 [Worker-44: Building] INFO  o.a.m.s.f.DefaultMavenResourcesFiltering - Copying 0 resource from src\test\resources to target\test-classes
2024-10-22 23:41:57,311 [Worker-44: Building] INFO  o.a.m.s.f.DefaultMavenResourcesFiltering - Copying 0 resource from src\main\resources to target\classes
2024-10-22 23:41:57,313 [Worker-44: Building] INFO  o.a.m.s.f.DefaultMavenResourcesFiltering - Copying 0 resource from src\test\resources to target\test-classes
2024-10-22 23:42:00,948 [Worker-47: Building] INFO  o.a.m.s.f.DefaultMavenResourcesFiltering - Copying 0 resource from src\main\resources to target\classes
2024-10-22 23:42:00,950 [Worker-47: Building] INFO  o.a.m.s.f.DefaultMavenResourcesFiltering - Copying 0 resource from src\test\resources to target\test-classes
2024-10-22 23:43:32,832 [Stop Help Server] INFO  org.eclipse.jetty.server.Server - Stopped oejs.Server@3985b7a8{STOPPING}[12.0.12,sto=0]
2024-10-22 23:43:32,837 [Stop Help Server] INFO  o.e.jetty.server.AbstractConnector - Stopped ServerConnector@f8a2a98{HTTP/1.1, (http/1.1)}{127.0.0.1:0}
2024-10-23 10:21:17,018 [Worker-7: Loading available Gradle versions] INFO  o.e.b.c.i.u.g.PublishedGradleVersions - Gradle version information cache is up-to-date. Trying to read.
2024-10-23 12:23:41,556 [Start Help Server] INFO  org.eclipse.jetty.server.Server - jetty-12.0.12; built: 2024-07-25T21:58:37.668Z; git: cc6f1b74db755fed228b50701ad967aeaa68e83f; jvm 21.0.4+7-LTS
2024-10-23 12:23:41,626 [Start Help Server] INFO  o.e.j.server.handler.ContextHandler - Started oeje8n.ContextHandler$CoreContextHandler@58a78640{/help,/help,b=null,a=AVAILABLE,h=oeje8n.ContextHandler$CoreContextHandler$CoreToNestedHandler@9159dbd{STARTED}}
2024-10-23 12:23:41,627 [Start Help Server] INFO  o.e.j.s.DefaultSessionIdManager - Session workerName=node0
2024-10-23 12:23:41,657 [Start Help Server] INFO  o.e.jetty.server.AbstractConnector - Started ServerConnector@669a39f6{HTTP/1.1, (http/1.1)}{127.0.0.1:51006}
2024-10-23 12:23:41,681 [Start Help Server] INFO  org.eclipse.jetty.server.Server - Started oejs.Server@32f5c410{STARTING}[12.0.12,sto=0] @7378290ms
2024-10-23 12:28:33,308 [Worker-40: Building] INFO  o.a.m.s.f.DefaultMavenResourcesFiltering - Copying 0 resource from src\main\resources to target\classes
2024-10-23 12:28:33,313 [Worker-40: Building] INFO  o.a.m.s.f.DefaultMavenResourcesFiltering - Copying 0 resource from src\test\resources to target\test-classes
2024-10-23 12:31:01,273 [Worker-43: Building] INFO  o.a.m.s.f.DefaultMavenResourcesFiltering - Copying 0 resource from src\main\resources to target\classes
2024-10-23 12:31:01,278 [Worker-43: Building] INFO  o.a.m.s.f.DefaultMavenResourcesFiltering - Copying 0 resource from src\test\resources to target\test-classes
2024-10-23 12:32:43,958 [Worker-46: Building] INFO  o.a.m.s.f.DefaultMavenResourcesFiltering - Copying 0 resource from src\main\resources to target\classes
2024-10-23 12:32:43,962 [Worker-46: Building] INFO  o.a.m.s.f.DefaultMavenResourcesFiltering - Copying 0 resource from src\test\resources to target\test-classes
2024-10-23 12:39:27,514 [Worker-52: Building] INFO  o.a.m.s.f.DefaultMavenResourcesFiltering - Copying 0 resource from src\main\resources to target\classes
2024-10-23 12:39:27,517 [Worker-52: Building] INFO  o.a.m.s.f.DefaultMavenResourcesFiltering - Copying 0 resource from src\test\resources to target\test-classes
2024-10-23 12:39:35,081 [Worker-53: Building] INFO  o.a.m.s.f.DefaultMavenResourcesFiltering - Copying 0 resource from src\main\resources to target\classes
2024-10-23 12:39:35,084 [Worker-53: Building] INFO  o.a.m.s.f.DefaultMavenResourcesFiltering - Copying 0 resource from src\test\resources to target\test-classes
2024-10-23 12:42:37,853 [Worker-49: Building] INFO  o.a.m.s.f.DefaultMavenResourcesFiltering - Copying 0 resource from src\main\resources to target\classes
2024-10-23 12:42:37,857 [Worker-49: Building] INFO  o.a.m.s.f.DefaultMavenResourcesFiltering - Copying 0 resource from src\test\resources to target\test-classes
2024-10-23 12:45:11,976 [Worker-57: Building] INFO  o.a.m.s.f.DefaultMavenResourcesFiltering - Copying 0 resource from src\main\resources to target\classes
2024-10-23 12:45:11,980 [Worker-57: Building] INFO  o.a.m.s.f.DefaultMavenResourcesFiltering - Copying 0 resource from src\test\resources to target\test-classes
2024-10-23 12:47:06,677 [Worker-55: Building] INFO  o.a.m.s.f.DefaultMavenResourcesFiltering - Copying 0 resource from src\main\resources to target\classes
2024-10-23 12:47:06,680 [Worker-55: Building] INFO  o.a.m.s.f.DefaultMavenResourcesFiltering - Copying 0 resource from src\test\resources to target\test-classes
2024-10-23 12:47:44,449 [Worker-57: Building] INFO  o.a.m.s.f.DefaultMavenResourcesFiltering - Copying 0 resource from src\main\resources to target\classes
2024-10-23 12:47:44,452 [Worker-57: Building] INFO  o.a.m.s.f.DefaultMavenResourcesFiltering - Copying 0 resource from src\test\resources to target\test-classes
2024-10-23 12:47:54,869 [Worker-57: Building] INFO  o.a.m.s.f.DefaultMavenResourcesFiltering - Copying 0 resource from src\main\resources to target\classes
2024-10-23 12:47:54,871 [Worker-57: Building] INFO  o.a.m.s.f.DefaultMavenResourcesFiltering - Copying 0 resource from src\test\resources to target\test-classes
2024-10-23 12:48:05,736 [Worker-56: Building] INFO  o.a.m.s.f.DefaultMavenResourcesFiltering - Copying 0 resource from src\main\resources to target\classes
2024-10-23 12:48:05,739 [Worker-56: Building] INFO  o.a.m.s.f.DefaultMavenResourcesFiltering - Copying 0 resource from src\test\resources to target\test-classes
2024-10-23 12:48:19,332 [Worker-58: Building] INFO  o.a.m.s.f.DefaultMavenResourcesFiltering - Copying 0 resource from src\main\resources to target\classes
2024-10-23 12:48:19,335 [Worker-58: Building] INFO  o.a.m.s.f.DefaultMavenResourcesFiltering - Copying 0 resource from src\test\resources to target\test-classes
2024-10-23 12:51:34,727 [Worker-55: Launching mavenrun-39b5c91d-b0e9-46fd-aaef-78c6b04a9640] INFO  o.eclipse.m2e.core.internal.Bundles - getClasspathEntries(Bundle=org.eclipse.m2e.maven.runtime_3.9.900.20240824-1409 [640])
2024-10-23 12:51:34,729 [Worker-55: Launching mavenrun-39b5c91d-b0e9-46fd-aaef-78c6b04a9640] INFO  o.eclipse.m2e.core.internal.Bundles - 	Entry: C:\Users\rishi\.p2\pool\plugins\org.eclipse.m2e.maven.runtime_3.9.900.20240824-1409
2024-10-23 12:51:34,730 [Worker-55: Launching mavenrun-39b5c91d-b0e9-46fd-aaef-78c6b04a9640] INFO  o.eclipse.m2e.core.internal.Bundles - 	Entry: C:\Users\rishi\.p2\pool\plugins\org.eclipse.m2e.maven.runtime_3.9.900.20240824-1409\jars\aopalliance-1.0.jar
2024-10-23 12:51:34,730 [Worker-55: Launching mavenrun-39b5c91d-b0e9-46fd-aaef-78c6b04a9640] INFO  o.eclipse.m2e.core.internal.Bundles - 	Entry: C:\Users\rishi\.p2\pool\plugins\org.eclipse.m2e.maven.runtime_3.9.900.20240824-1409\jars\guice-5.1.0.jar
2024-10-23 12:51:34,731 [Worker-55: Launching mavenrun-39b5c91d-b0e9-46fd-aaef-78c6b04a9640] INFO  o.eclipse.m2e.core.internal.Bundles - 	Entry: C:\Users\rishi\.p2\pool\plugins\org.eclipse.m2e.maven.runtime_3.9.900.20240824-1409\jars\httpclient-4.5.14.jar
2024-10-23 12:51:34,731 [Worker-55: Launching mavenrun-39b5c91d-b0e9-46fd-aaef-78c6b04a9640] INFO  o.eclipse.m2e.core.internal.Bundles - 	Entry: C:\Users\rishi\.p2\pool\plugins\org.eclipse.m2e.maven.runtime_3.9.900.20240824-1409\jars\httpcore-4.4.16.jar
2024-10-23 12:51:34,731 [Worker-55: Launching mavenrun-39b5c91d-b0e9-46fd-aaef-78c6b04a9640] INFO  o.eclipse.m2e.core.internal.Bundles - 	Entry: C:\Users\rishi\.p2\pool\plugins\org.eclipse.m2e.maven.runtime_3.9.900.20240824-1409\jars\jansi-2.4.1.jar
2024-10-23 12:51:34,732 [Worker-55: Launching mavenrun-39b5c91d-b0e9-46fd-aaef-78c6b04a9640] INFO  o.eclipse.m2e.core.internal.Bundles - 	Entry: C:\Users\rishi\.p2\pool\plugins\org.eclipse.m2e.maven.runtime_3.9.900.20240824-1409\jars\jcl-over-slf4j-1.7.36.jar
2024-10-23 12:51:34,732 [Worker-55: Launching mavenrun-39b5c91d-b0e9-46fd-aaef-78c6b04a9640] INFO  o.eclipse.m2e.core.internal.Bundles - 	Entry: C:\Users\rishi\.p2\pool\plugins\org.eclipse.m2e.maven.runtime_3.9.900.20240824-1409\jars\maven-artifact-3.9.9.jar
2024-10-23 12:51:34,732 [Worker-55: Launching mavenrun-39b5c91d-b0e9-46fd-aaef-78c6b04a9640] INFO  o.eclipse.m2e.core.internal.Bundles - 	Entry: C:\Users\rishi\.p2\pool\plugins\org.eclipse.m2e.maven.runtime_3.9.900.20240824-1409\jars\maven-builder-support-3.9.9.jar
2024-10-23 12:51:34,733 [Worker-55: Launching mavenrun-39b5c91d-b0e9-46fd-aaef-78c6b04a9640] INFO  o.eclipse.m2e.core.internal.Bundles - 	Entry: C:\Users\rishi\.p2\pool\plugins\org.eclipse.m2e.maven.runtime_3.9.900.20240824-1409\jars\maven-compat-3.9.9.jar
2024-10-23 12:51:34,733 [Worker-55: Launching mavenrun-39b5c91d-b0e9-46fd-aaef-78c6b04a9640] INFO  o.eclipse.m2e.core.internal.Bundles - 	Entry: C:\Users\rishi\.p2\pool\plugins\org.eclipse.m2e.maven.runtime_3.9.900.20240824-1409\jars\maven-core-3.9.9.jar
2024-10-23 12:51:34,734 [Worker-55: Launching mavenrun-39b5c91d-b0e9-46fd-aaef-78c6b04a9640] INFO  o.eclipse.m2e.core.internal.Bundles - 	Entry: C:\Users\rishi\.p2\pool\plugins\org.eclipse.m2e.maven.runtime_3.9.900.20240824-1409\jars\maven-embedder-3.9.9.jar
2024-10-23 12:51:34,734 [Worker-55: Launching mavenrun-39b5c91d-b0e9-46fd-aaef-78c6b04a9640] INFO  o.eclipse.m2e.core.internal.Bundles - 	Entry: C:\Users\rishi\.p2\pool\plugins\org.eclipse.m2e.maven.runtime_3.9.900.20240824-1409\jars\maven-model-3.9.9.jar
2024-10-23 12:51:34,735 [Worker-55: Launching mavenrun-39b5c91d-b0e9-46fd-aaef-78c6b04a9640] INFO  o.eclipse.m2e.core.internal.Bundles - 	Entry: C:\Users\rishi\.p2\pool\plugins\org.eclipse.m2e.maven.runtime_3.9.900.20240824-1409\jars\maven-model-builder-3.9.9.jar
2024-10-23 12:51:34,735 [Worker-55: Launching mavenrun-39b5c91d-b0e9-46fd-aaef-78c6b04a9640] INFO  o.eclipse.m2e.core.internal.Bundles - 	Entry: C:\Users\rishi\.p2\pool\plugins\org.eclipse.m2e.maven.runtime_3.9.900.20240824-1409\jars\maven-plugin-api-3.9.9.jar
2024-10-23 12:51:34,735 [Worker-55: Launching mavenrun-39b5c91d-b0e9-46fd-aaef-78c6b04a9640] INFO  o.eclipse.m2e.core.internal.Bundles - 	Entry: C:\Users\rishi\.p2\pool\plugins\org.eclipse.m2e.maven.runtime_3.9.900.20240824-1409\jars\maven-repository-metadata-3.9.9.jar
2024-10-23 12:51:34,736 [Worker-55: Launching mavenrun-39b5c91d-b0e9-46fd-aaef-78c6b04a9640] INFO  o.eclipse.m2e.core.internal.Bundles - 	Entry: C:\Users\rishi\.p2\pool\plugins\org.eclipse.m2e.maven.runtime_3.9.900.20240824-1409\jars\maven-resolver-api-1.9.22.jar
2024-10-23 12:51:34,736 [Worker-55: Launching mavenrun-39b5c91d-b0e9-46fd-aaef-78c6b04a9640] INFO  o.eclipse.m2e.core.internal.Bundles - 	Entry: C:\Users\rishi\.p2\pool\plugins\org.eclipse.m2e.maven.runtime_3.9.900.20240824-1409\jars\maven-resolver-connector-basic-1.9.22.jar
2024-10-23 12:51:34,736 [Worker-55: Launching mavenrun-39b5c91d-b0e9-46fd-aaef-78c6b04a9640] INFO  o.eclipse.m2e.core.internal.Bundles - 	Entry: C:\Users\rishi\.p2\pool\plugins\org.eclipse.m2e.maven.runtime_3.9.900.20240824-1409\jars\maven-resolver-impl-1.9.22.jar
2024-10-23 12:51:34,736 [Worker-55: Launching mavenrun-39b5c91d-b0e9-46fd-aaef-78c6b04a9640] INFO  o.eclipse.m2e.core.internal.Bundles - 	Entry: C:\Users\rishi\.p2\pool\plugins\org.eclipse.m2e.maven.runtime_3.9.900.20240824-1409\jars\maven-resolver-named-locks-1.9.22.jar
2024-10-23 12:51:34,737 [Worker-55: Launching mavenrun-39b5c91d-b0e9-46fd-aaef-78c6b04a9640] INFO  o.eclipse.m2e.core.internal.Bundles - 	Entry: C:\Users\rishi\.p2\pool\plugins\org.eclipse.m2e.maven.runtime_3.9.900.20240824-1409\jars\maven-resolver-provider-3.9.9.jar
2024-10-23 12:51:34,737 [Worker-55: Launching mavenrun-39b5c91d-b0e9-46fd-aaef-78c6b04a9640] INFO  o.eclipse.m2e.core.internal.Bundles - 	Entry: C:\Users\rishi\.p2\pool\plugins\org.eclipse.m2e.maven.runtime_3.9.900.20240824-1409\jars\maven-resolver-spi-1.9.22.jar
2024-10-23 12:51:34,737 [Worker-55: Launching mavenrun-39b5c91d-b0e9-46fd-aaef-78c6b04a9640] INFO  o.eclipse.m2e.core.internal.Bundles - 	Entry: C:\Users\rishi\.p2\pool\plugins\org.eclipse.m2e.maven.runtime_3.9.900.20240824-1409\jars\maven-resolver-transport-file-1.9.22.jar
2024-10-23 12:51:34,738 [Worker-55: Launching mavenrun-39b5c91d-b0e9-46fd-aaef-78c6b04a9640] INFO  o.eclipse.m2e.core.internal.Bundles - 	Entry: C:\Users\rishi\.p2\pool\plugins\org.eclipse.m2e.maven.runtime_3.9.900.20240824-1409\jars\maven-resolver-transport-http-1.9.22.jar
2024-10-23 12:51:34,738 [Worker-55: Launching mavenrun-39b5c91d-b0e9-46fd-aaef-78c6b04a9640] INFO  o.eclipse.m2e.core.internal.Bundles - 	Entry: C:\Users\rishi\.p2\pool\plugins\org.eclipse.m2e.maven.runtime_3.9.900.20240824-1409\jars\maven-resolver-transport-wagon-1.9.22.jar
2024-10-23 12:51:34,739 [Worker-55: Launching mavenrun-39b5c91d-b0e9-46fd-aaef-78c6b04a9640] INFO  o.eclipse.m2e.core.internal.Bundles - 	Entry: C:\Users\rishi\.p2\pool\plugins\org.eclipse.m2e.maven.runtime_3.9.900.20240824-1409\jars\maven-resolver-util-1.9.22.jar
2024-10-23 12:51:34,739 [Worker-55: Launching mavenrun-39b5c91d-b0e9-46fd-aaef-78c6b04a9640] INFO  o.eclipse.m2e.core.internal.Bundles - 	Entry: C:\Users\rishi\.p2\pool\plugins\org.eclipse.m2e.maven.runtime_3.9.900.20240824-1409\jars\maven-settings-3.9.9.jar
2024-10-23 12:51:34,739 [Worker-55: Launching mavenrun-39b5c91d-b0e9-46fd-aaef-78c6b04a9640] INFO  o.eclipse.m2e.core.internal.Bundles - 	Entry: C:\Users\rishi\.p2\pool\plugins\org.eclipse.m2e.maven.runtime_3.9.900.20240824-1409\jars\maven-settings-builder-3.9.9.jar
2024-10-23 12:51:34,739 [Worker-55: Launching mavenrun-39b5c91d-b0e9-46fd-aaef-78c6b04a9640] INFO  o.eclipse.m2e.core.internal.Bundles - 	Entry: C:\Users\rishi\.p2\pool\plugins\org.eclipse.m2e.maven.runtime_3.9.900.20240824-1409\jars\maven-shared-utils-3.4.2.jar
2024-10-23 12:51:34,740 [Worker-55: Launching mavenrun-39b5c91d-b0e9-46fd-aaef-78c6b04a9640] INFO  o.eclipse.m2e.core.internal.Bundles - 	Entry: C:\Users\rishi\.p2\pool\plugins\org.eclipse.m2e.maven.runtime_3.9.900.20240824-1409\jars\org.eclipse.sisu.inject-0.9.0.M3.jar
2024-10-23 12:51:34,740 [Worker-55: Launching mavenrun-39b5c91d-b0e9-46fd-aaef-78c6b04a9640] INFO  o.eclipse.m2e.core.internal.Bundles - 	Entry: C:\Users\rishi\.p2\pool\plugins\org.eclipse.m2e.maven.runtime_3.9.900.20240824-1409\jars\org.eclipse.sisu.plexus-0.9.0.M3.jar
2024-10-23 12:51:34,741 [Worker-55: Launching mavenrun-39b5c91d-b0e9-46fd-aaef-78c6b04a9640] INFO  o.eclipse.m2e.core.internal.Bundles - 	Entry: C:\Users\rishi\.p2\pool\plugins\org.eclipse.m2e.maven.runtime_3.9.900.20240824-1409\jars\plexus-build-api-0.0.7.jar
2024-10-23 12:51:34,741 [Worker-55: Launching mavenrun-39b5c91d-b0e9-46fd-aaef-78c6b04a9640] INFO  o.eclipse.m2e.core.internal.Bundles - 	Entry: C:\Users\rishi\.p2\pool\plugins\org.eclipse.m2e.maven.runtime_3.9.900.20240824-1409\jars\plexus-build-api-1.2.0.jar
2024-10-23 12:51:34,741 [Worker-55: Launching mavenrun-39b5c91d-b0e9-46fd-aaef-78c6b04a9640] INFO  o.eclipse.m2e.core.internal.Bundles - 	Entry: C:\Users\rishi\.p2\pool\plugins\org.eclipse.m2e.maven.runtime_3.9.900.20240824-1409\jars\plexus-cipher-2.0.jar
2024-10-23 12:51:34,742 [Worker-55: Launching mavenrun-39b5c91d-b0e9-46fd-aaef-78c6b04a9640] INFO  o.eclipse.m2e.core.internal.Bundles - 	Entry: C:\Users\rishi\.p2\pool\plugins\org.eclipse.m2e.maven.runtime_3.9.900.20240824-1409\jars\plexus-classworlds-2.8.0.jar
2024-10-23 12:51:34,742 [Worker-55: Launching mavenrun-39b5c91d-b0e9-46fd-aaef-78c6b04a9640] INFO  o.eclipse.m2e.core.internal.Bundles - 	Entry: C:\Users\rishi\.p2\pool\plugins\org.eclipse.m2e.maven.runtime_3.9.900.20240824-1409\jars\plexus-component-annotations-2.1.0.jar
2024-10-23 12:51:34,743 [Worker-55: Launching mavenrun-39b5c91d-b0e9-46fd-aaef-78c6b04a9640] INFO  o.eclipse.m2e.core.internal.Bundles - 	Entry: C:\Users\rishi\.p2\pool\plugins\org.eclipse.m2e.maven.runtime_3.9.900.20240824-1409\jars\plexus-interpolation-1.27.jar
2024-10-23 12:51:34,743 [Worker-55: Launching mavenrun-39b5c91d-b0e9-46fd-aaef-78c6b04a9640] INFO  o.eclipse.m2e.core.internal.Bundles - 	Entry: C:\Users\rishi\.p2\pool\plugins\org.eclipse.m2e.maven.runtime_3.9.900.20240824-1409\jars\plexus-sec-dispatcher-2.0.jar
2024-10-23 12:51:34,744 [Worker-55: Launching mavenrun-39b5c91d-b0e9-46fd-aaef-78c6b04a9640] INFO  o.eclipse.m2e.core.internal.Bundles - 	Entry: C:\Users\rishi\.p2\pool\plugins\org.eclipse.m2e.maven.runtime_3.9.900.20240824-1409\jars\plexus-utils-3.5.1.jar
2024-10-23 12:51:34,744 [Worker-55: Launching mavenrun-39b5c91d-b0e9-46fd-aaef-78c6b04a9640] INFO  o.eclipse.m2e.core.internal.Bundles - 	Entry: C:\Users\rishi\.p2\pool\plugins\org.eclipse.m2e.maven.runtime_3.9.900.20240824-1409\jars\plexus-xml-3.0.1.jar
2024-10-23 12:51:34,745 [Worker-55: Launching mavenrun-39b5c91d-b0e9-46fd-aaef-78c6b04a9640] INFO  o.eclipse.m2e.core.internal.Bundles - 	Entry: C:\Users\rishi\.p2\pool\plugins\org.eclipse.m2e.maven.runtime_3.9.900.20240824-1409\jars\wagon-file-3.5.3.jar
2024-10-23 12:51:34,745 [Worker-55: Launching mavenrun-39b5c91d-b0e9-46fd-aaef-78c6b04a9640] INFO  o.eclipse.m2e.core.internal.Bundles - 	Entry: C:\Users\rishi\.p2\pool\plugins\org.eclipse.m2e.maven.runtime_3.9.900.20240824-1409\jars\wagon-http-3.5.3.jar
2024-10-23 12:51:34,746 [Worker-55: Launching mavenrun-39b5c91d-b0e9-46fd-aaef-78c6b04a9640] INFO  o.eclipse.m2e.core.internal.Bundles - 	Entry: C:\Users\rishi\.p2\pool\plugins\org.eclipse.m2e.maven.runtime_3.9.900.20240824-1409\jars\wagon-http-shared-3.5.3.jar
2024-10-23 12:51:34,746 [Worker-55: Launching mavenrun-39b5c91d-b0e9-46fd-aaef-78c6b04a9640] INFO  o.eclipse.m2e.core.internal.Bundles - 	Entry: C:\Users\rishi\.p2\pool\plugins\org.eclipse.m2e.maven.runtime_3.9.900.20240824-1409\jars\wagon-provider-api-3.5.3.jar
2024-10-23 12:51:34,748 [Worker-55: Launching mavenrun-39b5c91d-b0e9-46fd-aaef-78c6b04a9640] INFO  o.eclipse.m2e.core.internal.Bundles - getClasspathEntries(Bundle=com.google.guava_33.3.0.jre [16])
2024-10-23 12:51:34,748 [Worker-55: Launching mavenrun-39b5c91d-b0e9-46fd-aaef-78c6b04a9640] INFO  o.eclipse.m2e.core.internal.Bundles - 	Entry: C:\Users\rishi\.p2\pool\plugins\com.google.guava_33.3.0.jre.jar
2024-10-23 12:51:34,749 [Worker-55: Launching mavenrun-39b5c91d-b0e9-46fd-aaef-78c6b04a9640] INFO  o.eclipse.m2e.core.internal.Bundles - getClasspathEntries(Bundle=slf4j.api_2.0.16 [1005])
2024-10-23 12:51:34,749 [Worker-55: Launching mavenrun-39b5c91d-b0e9-46fd-aaef-78c6b04a9640] INFO  o.eclipse.m2e.core.internal.Bundles - 	Entry: C:\Users\rishi\.p2\pool\plugins\slf4j.api_2.0.16.jar
2024-10-23 12:51:34,749 [Worker-55: Launching mavenrun-39b5c91d-b0e9-46fd-aaef-78c6b04a9640] INFO  o.eclipse.m2e.core.internal.Bundles - getClasspathEntries(Bundle=jakarta.inject.jakarta.inject-api_1.0.5 [34])
2024-10-23 12:51:34,750 [Worker-55: Launching mavenrun-39b5c91d-b0e9-46fd-aaef-78c6b04a9640] INFO  o.eclipse.m2e.core.internal.Bundles - 	Entry: C:\Users\rishi\.p2\pool\plugins\jakarta.inject.jakarta.inject-api_1.0.5.jar
2024-10-23 12:51:34,750 [Worker-55: Launching mavenrun-39b5c91d-b0e9-46fd-aaef-78c6b04a9640] INFO  o.eclipse.m2e.core.internal.Bundles - getClasspathEntries(Bundle=jakarta.annotation-api_1.3.5 [29])
2024-10-23 12:51:34,750 [Worker-55: Launching mavenrun-39b5c91d-b0e9-46fd-aaef-78c6b04a9640] INFO  o.eclipse.m2e.core.internal.Bundles - 	Entry: C:\Users\rishi\.p2\pool\plugins\jakarta.annotation-api_1.3.5.jar
2024-10-23 12:51:34,750 [Worker-55: Launching mavenrun-39b5c91d-b0e9-46fd-aaef-78c6b04a9640] INFO  o.eclipse.m2e.core.internal.Bundles - getClasspathEntries(Bundle=org.apache.commons.cli_1.9.0 [78])
2024-10-23 12:51:34,751 [Worker-55: Launching mavenrun-39b5c91d-b0e9-46fd-aaef-78c6b04a9640] INFO  o.eclipse.m2e.core.internal.Bundles - 	Entry: C:\Users\rishi\.p2\pool\plugins\org.apache.commons.cli_1.9.0.jar
2024-10-23 12:51:34,751 [Worker-55: Launching mavenrun-39b5c91d-b0e9-46fd-aaef-78c6b04a9640] INFO  o.eclipse.m2e.core.internal.Bundles - getClasspathEntries(Bundle=org.apache.commons.commons-codec_1.16.0 [81])
2024-10-23 12:51:34,751 [Worker-55: Launching mavenrun-39b5c91d-b0e9-46fd-aaef-78c6b04a9640] INFO  o.eclipse.m2e.core.internal.Bundles - 	Entry: C:\Users\rishi\.p2\pool\plugins\org.apache.commons.commons-codec_1.16.0.jar
2024-10-23 12:51:34,751 [Worker-55: Launching mavenrun-39b5c91d-b0e9-46fd-aaef-78c6b04a9640] INFO  o.eclipse.m2e.core.internal.Bundles - getClasspathEntries(Bundle=com.google.guava.failureaccess_1.0.2 [17])
2024-10-23 12:51:34,752 [Worker-55: Launching mavenrun-39b5c91d-b0e9-46fd-aaef-78c6b04a9640] INFO  o.eclipse.m2e.core.internal.Bundles - 	Entry: C:\Users\rishi\.p2\pool\plugins\com.google.guava.failureaccess_1.0.2.jar
2024-10-23 12:51:34,756 [Worker-55: Launching mavenrun-39b5c91d-b0e9-46fd-aaef-78c6b04a9640] INFO  o.e.m.i.launch.MavenLaunchDelegate - Run build in "C:\Users\rishi\AppData\Local\Temp\m2e-archetypeGenerator18404617286127808050":
2024-10-23 12:51:34,758 [Worker-55: Launching mavenrun-39b5c91d-b0e9-46fd-aaef-78c6b04a9640] INFO  o.e.m.i.launch.MavenLaunchDelegate -  mvn  -DarchetypeGroupId=org.apache.maven.archetypes -DarchetypeArtifactId=maven-archetype-webapp -DarchetypeVersion=1.5 -DgroupId=HQL-Operation -DartifactId=listing -Dversion=0.0.1-SNAPSHOT -Dpackage=HQL_Operation.listing -DoutputDirectory=D:\Learning-Hivernate -Dstyle.color=always -U archetype:generate
2024-10-23 12:51:53,810 [Worker-56: Creating maven-archetype-webapp] INFO  o.e.m.c.i.p.ProjectConfigurationManager - Collecting project info '/pom.xml' D:\Learning-Hivernate\listing\pom.xml
2024-10-23 12:51:54,436 [Worker-56: Creating maven-archetype-webapp] INFO  o.e.m.c.i.l.LifecycleMappingFactory - Using org.maven.ide.eclipse.wtp.WarLifecycleMapping lifecycle mapping for MavenProject: HQL-Operation:listing:0.0.1-SNAPSHOT @ D:\Learning-Hivernate\listing\pom.xml.
2024-10-23 12:51:55,083 [Worker-56: Creating maven-archetype-webapp] INFO  o.e.m.j.i.AbstractJavaProjectConfigurator - Adding source folder /listing/src/main/java
2024-10-23 12:51:55,085 [Worker-56: Creating maven-archetype-webapp] INFO  o.e.m.j.i.AbstractJavaProjectConfigurator - Adding resource folder /listing/src/main/resources
2024-10-23 12:51:55,087 [Worker-56: Creating maven-archetype-webapp] INFO  o.e.m.j.i.AbstractJavaProjectConfigurator - Adding source folder /listing/src/test/java
2024-10-23 12:51:55,088 [Worker-56: Creating maven-archetype-webapp] INFO  o.e.m.j.i.AbstractJavaProjectConfigurator - Adding resource folder /listing/src/test/resources
2024-10-23 12:51:56,302 [Worker-56: Creating maven-archetype-webapp] INFO  o.e.m.c.i.p.ProjectConfigurationManager - Imported and configured 1 project(s) in 2 sec
2024-10-23 12:51:56,615 [Worker-64: Building] INFO  o.a.m.s.f.DefaultMavenResourcesFiltering - skip non existing resourceDirectory D:\Learning-Hivernate\listing\src\main\resources
2024-10-23 12:51:56,618 [Worker-64: Building] INFO  o.a.m.s.f.DefaultMavenResourcesFiltering - skip non existing resourceDirectory D:\Learning-Hivernate\listing\src\test\resources
2024-10-23 12:51:57,713 [Worker-55: Building] INFO  o.a.m.s.f.DefaultMavenResourcesFiltering - skip non existing resourceDirectory D:\Learning-Hivernate\listing\src\main\resources
2024-10-23 12:51:57,715 [Worker-55: Building] INFO  o.a.m.s.f.DefaultMavenResourcesFiltering - skip non existing resourceDirectory D:\Learning-Hivernate\listing\src\test\resources
2024-10-23 12:53:02,497 [Worker-63: Building] INFO  o.e.m.c.i.l.LifecycleMappingFactory - Using org.maven.ide.eclipse.wtp.WarLifecycleMapping lifecycle mapping for MavenProject: HQL-Operation:listing:0.0.1-SNAPSHOT @ D:\Learning-Hivernate\listing\pom.xml.
2024-10-23 12:53:02,970 [Worker-63: Building] INFO  o.a.m.s.f.DefaultMavenResourcesFiltering - skip non existing resourceDirectory D:\Learning-Hivernate\listing\src\main\resources
2024-10-23 12:53:02,974 [Worker-63: Building] INFO  o.a.m.s.f.DefaultMavenResourcesFiltering - skip non existing resourceDirectory D:\Learning-Hivernate\listing\src\test\resources
2024-10-23 12:53:02,974 [Worker-63: Building] INFO  o.e.m.w.i.f.ResourceFilteringBuildParticipant - Changed resources require a complete clean of filtered resources of listing
2024-10-23 12:53:02,975 [Worker-63: Building] INFO  o.e.m.w.i.f.ResourceFilteringBuildParticipant - Executing resource filtering for listing
2024-10-23 12:53:15,953 [Worker-62: Updating Maven Project] INFO  o.e.m.c.i.p.ProjectConfigurationManager - Update started
2024-10-23 12:53:15,997 [Worker-62: Updating Maven Project] INFO  o.e.m.c.i.l.LifecycleMappingFactory - Using org.maven.ide.eclipse.wtp.WarLifecycleMapping lifecycle mapping for MavenProject: HQL-Operation:listing:0.0.1-SNAPSHOT @ D:\Learning-Hivernate\listing\pom.xml.
2024-10-23 12:53:16,363 [Worker-62: Updating Maven Project] INFO  o.e.m.j.i.AbstractJavaProjectConfigurator - Adding source folder /listing/src/main/java
2024-10-23 12:53:16,364 [Worker-62: Updating Maven Project] INFO  o.e.m.j.i.AbstractJavaProjectConfigurator - Adding resource folder /listing/src/main/resources
2024-10-23 12:53:16,365 [Worker-62: Updating Maven Project] INFO  o.e.m.j.i.AbstractJavaProjectConfigurator - Adding source folder /listing/src/test/java
2024-10-23 12:53:16,366 [Worker-62: Updating Maven Project] INFO  o.e.m.j.i.AbstractJavaProjectConfigurator - Adding resource folder /listing/src/test/resources
2024-10-23 12:53:16,655 [Worker-62: Updating Maven Project] INFO  o.e.m.w.i.f.ResourceFilteringBuildParticipant - Cleaning filtered folder for listing
2024-10-23 12:53:16,714 [Worker-62: Updating Maven Project] INFO  o.e.m.c.i.p.ProjectConfigurationManager - Update completed for 1 poms: local refresh takes 0.00 sec, refresh facades takes 0.00 sec, update config takes 0.00 sec 
2024-10-23 12:53:17,340 [Worker-56: Building Project listing] INFO  o.a.m.s.f.DefaultMavenResourcesFiltering - skip non existing resourceDirectory D:\Learning-Hivernate\listing\src\main\resources
2024-10-23 12:53:17,345 [Worker-56: Building Project listing] INFO  o.a.m.s.f.DefaultMavenResourcesFiltering - skip non existing resourceDirectory D:\Learning-Hivernate\listing\src\test\resources
2024-10-23 12:53:17,346 [Worker-56: Building Project listing] INFO  o.e.m.w.i.f.ResourceFilteringBuildParticipant - Changed resources require a complete clean of filtered resources of listing
2024-10-23 12:53:17,346 [Worker-56: Building Project listing] INFO  o.e.m.w.i.f.ResourceFilteringBuildParticipant - Executing resource filtering for listing
2024-10-23 12:53:40,394 [Worker-65: Building] INFO  o.a.m.s.f.DefaultMavenResourcesFiltering - Copying 0 resource from src\main\resources to target\classes
2024-10-23 12:53:40,397 [Worker-65: Building] INFO  o.a.m.s.f.DefaultMavenResourcesFiltering - Copying 0 resource from src\test\resources to target\test-classes
2024-10-23 12:54:12,631 [Worker-63: Building] INFO  o.a.m.s.f.DefaultMavenResourcesFiltering - Copying 0 resource from src\main\resources to target\classes
2024-10-23 12:54:12,634 [Worker-63: Building] INFO  o.a.m.s.f.DefaultMavenResourcesFiltering - Copying 0 resource from src\test\resources to target\test-classes
2024-10-23 12:57:13,817 [Worker-62: Building] INFO  o.a.m.s.f.DefaultMavenResourcesFiltering - Copying 0 resource from src\main\resources to target\classes
2024-10-23 12:57:13,820 [Worker-62: Building] INFO  o.a.m.s.f.DefaultMavenResourcesFiltering - Copying 0 resource from src\test\resources to target\test-classes
2024-10-23 13:00:21,464 [Worker-55: Building] INFO  o.a.m.s.f.DefaultMavenResourcesFiltering - Copying 0 resource from src\main\resources to target\classes
2024-10-23 13:00:21,467 [Worker-55: Building] INFO  o.a.m.s.f.DefaultMavenResourcesFiltering - Copying 0 resource from src\test\resources to target\test-classes
2024-10-23 13:00:50,245 [Worker-64: Building] INFO  o.a.m.s.f.DefaultMavenResourcesFiltering - Copying 0 resource from src\main\resources to target\classes
2024-10-23 13:00:50,247 [Worker-64: Building] INFO  o.a.m.s.f.DefaultMavenResourcesFiltering - Copying 0 resource from src\test\resources to target\test-classes
2024-10-23 13:01:03,756 [Worker-55: Building] INFO  o.a.m.s.f.DefaultMavenResourcesFiltering - Copying 0 resource from src\main\resources to target\classes
2024-10-23 13:01:03,758 [Worker-55: Building] INFO  o.a.m.s.f.DefaultMavenResourcesFiltering - Copying 0 resource from src\test\resources to target\test-classes
2024-10-23 13:01:26,338 [Worker-67: Building] INFO  o.a.m.s.f.DefaultMavenResourcesFiltering - Copying 0 resource from src\main\resources to target\classes
2024-10-23 13:01:26,342 [Worker-67: Building] INFO  o.a.m.s.f.DefaultMavenResourcesFiltering - Copying 0 resource from src\test\resources to target\test-classes
2024-10-24 08:24:50,545 [Stop Help Server] INFO  org.eclipse.jetty.server.Server - Stopped oejs.Server@32f5c410{STOPPING}[12.0.12,sto=0]
2024-10-24 08:24:50,556 [Stop Help Server] INFO  o.e.jetty.server.AbstractConnector - Stopped ServerConnector@669a39f6{HTTP/1.1, (http/1.1)}{127.0.0.1:0}
2024-10-24 08:34:52,151 [Worker-5: Loading available Gradle versions] INFO  o.e.b.c.i.u.g.PublishedGradleVersions - Gradle version information cache is out-of-date. Trying to update.
2024-10-24 08:42:39,264 [Worker-31: Building] INFO  o.a.m.s.f.DefaultMavenResourcesFiltering - Copying 0 resource from src\main\resources to target\classes
2024-10-24 08:42:39,279 [Worker-31: Building] INFO  o.a.m.s.f.DefaultMavenResourcesFiltering - Copying 0 resource from src\test\resources to target\test-classes
2024-10-24 08:47:45,524 [Worker-34: Building] INFO  o.a.m.s.f.DefaultMavenResourcesFiltering - Copying 0 resource from src\main\resources to target\classes
2024-10-24 08:47:45,536 [Worker-34: Building] INFO  o.a.m.s.f.DefaultMavenResourcesFiltering - Copying 0 resource from src\test\resources to target\test-classes
2024-10-24 08:49:32,713 [Worker-6: Loading available Gradle versions] INFO  o.e.b.c.i.u.g.PublishedGradleVersions - Gradle version information cache is up-to-date. Trying to read.
2024-10-24 18:24:20,154 [Worker-2: Loading available Gradle versions] INFO  o.e.b.c.i.u.g.PublishedGradleVersions - Gradle version information cache is up-to-date. Trying to read.
2024-10-24 18:53:22,574 [Worker-34: Launching App (1)] INFO  o.a.m.s.f.DefaultMavenResourcesFiltering - Copying 0 resource from src\main\resources to target\classes
2024-10-24 18:53:22,620 [Worker-34: Launching App (1)] INFO  o.a.m.s.f.DefaultMavenResourcesFiltering - Copying 0 resource from src\test\resources to target\test-classes
2024-10-24 18:53:34,328 [Worker-35: Building] INFO  o.a.m.s.f.DefaultMavenResourcesFiltering - Copying 0 resource from src\main\resources to target\classes
2024-10-24 18:53:34,339 [Worker-35: Building] INFO  o.a.m.s.f.DefaultMavenResourcesFiltering - Copying 0 resource from src\test\resources to target\test-classes
2024-10-24 18:54:51,303 [Worker-35: Building] INFO  o.a.m.s.f.DefaultMavenResourcesFiltering - Copying 0 resource from src\main\resources to target\classes
2024-10-24 18:54:51,309 [Worker-35: Building] INFO  o.a.m.s.f.DefaultMavenResourcesFiltering - Copying 0 resource from src\test\resources to target\test-classes
2024-10-24 18:55:10,084 [Start Help Server] INFO  org.eclipse.jetty.server.Server - jetty-12.0.12; built: 2024-07-25T21:58:37.668Z; git: cc6f1b74db755fed228b50701ad967aeaa68e83f; jvm 21.0.4+7-LTS
2024-10-24 18:55:10,206 [Start Help Server] INFO  o.e.j.server.handler.ContextHandler - Started oeje8n.ContextHandler$CoreContextHandler@78f94aaf{/help,/help,b=null,a=AVAILABLE,h=oeje8n.ContextHandler$CoreContextHandler$CoreToNestedHandler@21413e68{STARTED}}
2024-10-24 18:55:10,208 [Start Help Server] INFO  o.e.j.s.DefaultSessionIdManager - Session workerName=node0
2024-10-24 18:55:10,269 [Start Help Server] INFO  o.e.jetty.server.AbstractConnector - Started ServerConnector@3323d42f{HTTP/1.1, (http/1.1)}{127.0.0.1:50112}
2024-10-24 18:55:10,310 [Start Help Server] INFO  org.eclipse.jetty.server.Server - Started oejs.Server@66993d0d{STARTING}[12.0.12,sto=0] @1871138ms
2024-10-24 18:56:26,404 [Stop Help Server] INFO  org.eclipse.jetty.server.Server - Stopped oejs.Server@66993d0d{STOPPING}[12.0.12,sto=0]
2024-10-24 18:56:26,412 [Stop Help Server] INFO  o.e.jetty.server.AbstractConnector - Stopped ServerConnector@3323d42f{HTTP/1.1, (http/1.1)}{127.0.0.1:0}
2024-10-25 11:02:55,410 [Worker-5: Loading available Gradle versions] INFO  o.e.b.c.i.u.g.PublishedGradleVersions - Gradle version information cache is out-of-date. Trying to update.
2024-10-25 11:09:30,968 [Start Help Server] INFO  org.eclipse.jetty.server.Server - jetty-12.0.12; built: 2024-07-25T21:58:37.668Z; git: cc6f1b74db755fed228b50701ad967aeaa68e83f; jvm 21.0.4+7-LTS
2024-10-25 11:09:31,033 [Start Help Server] INFO  o.e.j.server.handler.ContextHandler - Started oeje8n.ContextHandler$CoreContextHandler@1099cdba{/help,/help,b=null,a=AVAILABLE,h=oeje8n.ContextHandler$CoreContextHandler$CoreToNestedHandler@6e2f85cc{STARTED}}
2024-10-25 11:09:31,034 [Start Help Server] INFO  o.e.j.s.DefaultSessionIdManager - Session workerName=node0
2024-10-25 11:09:31,068 [Start Help Server] INFO  o.e.jetty.server.AbstractConnector - Started ServerConnector@305f1440{HTTP/1.1, (http/1.1)}{127.0.0.1:65048}
2024-10-25 11:09:31,096 [Start Help Server] INFO  org.eclipse.jetty.server.Server - Started oejs.Server@13760b20{STARTING}[12.0.12,sto=0] @457213ms
2024-10-25 11:12:40,561 [Worker-32: Launching App (1)] INFO  o.a.m.s.f.DefaultMavenResourcesFiltering - Copying 0 resource from src\main\resources to target\classes
2024-10-25 11:12:40,602 [Worker-32: Launching App (1)] INFO  o.a.m.s.f.DefaultMavenResourcesFiltering - Copying 0 resource from src\test\resources to target\test-classes
2024-10-25 11:13:32,693 [Worker-1: Building] INFO  o.a.m.s.f.DefaultMavenResourcesFiltering - Copying 0 resource from src\main\resources to target\classes
2024-10-25 11:13:32,698 [Worker-1: Building] INFO  o.a.m.s.f.DefaultMavenResourcesFiltering - Copying 0 resource from src\test\resources to target\test-classes
2024-10-25 11:13:35,875 [Worker-16: Building] INFO  o.a.m.s.f.DefaultMavenResourcesFiltering - Copying 0 resource from src\main\resources to target\classes
2024-10-25 11:13:35,880 [Worker-16: Building] INFO  o.a.m.s.f.DefaultMavenResourcesFiltering - Copying 0 resource from src\test\resources to target\test-classes
2024-10-25 11:14:12,944 [Worker-36: Building] INFO  o.a.m.s.f.DefaultMavenResourcesFiltering - Copying 0 resource from src\main\resources to target\classes
2024-10-25 11:14:12,947 [Worker-36: Building] INFO  o.a.m.s.f.DefaultMavenResourcesFiltering - Copying 0 resource from src\test\resources to target\test-classes
2024-10-25 11:16:06,961 [Worker-35: Building] INFO  o.a.m.s.f.DefaultMavenResourcesFiltering - Copying 0 resource from src\main\resources to target\classes
2024-10-25 11:16:06,964 [Worker-35: Building] INFO  o.a.m.s.f.DefaultMavenResourcesFiltering - Copying 0 resource from src\test\resources to target\test-classes
2024-10-25 11:23:01,337 [Worker-35: Building] INFO  o.a.m.s.f.DefaultMavenResourcesFiltering - Copying 0 resource from src\main\resources to target\classes
2024-10-25 11:23:01,340 [Worker-35: Building] INFO  o.a.m.s.f.DefaultMavenResourcesFiltering - Copying 0 resource from src\test\resources to target\test-classes
2024-10-25 11:24:36,282 [Worker-1: Building] INFO  o.a.m.s.f.DefaultMavenResourcesFiltering - Copying 0 resource from src\main\resources to target\classes
2024-10-25 11:24:36,285 [Worker-1: Building] INFO  o.a.m.s.f.DefaultMavenResourcesFiltering - Copying 0 resource from src\test\resources to target\test-classes
2024-10-25 11:25:28,509 [Worker-40: Building] INFO  o.a.m.s.f.DefaultMavenResourcesFiltering - Copying 0 resource from src\main\resources to target\classes
2024-10-25 11:25:28,513 [Worker-40: Building] INFO  o.a.m.s.f.DefaultMavenResourcesFiltering - Copying 0 resource from src\test\resources to target\test-classes
2024-10-25 11:55:35,960 [Worker-54: Building] INFO  o.a.m.s.f.DefaultMavenResourcesFiltering - Copying 0 resource from src\main\resources to target\classes
2024-10-25 11:55:35,973 [Worker-54: Building] INFO  o.a.m.s.f.DefaultMavenResourcesFiltering - Copying 0 resource from src\test\resources to target\test-classes
2024-10-25 12:01:11,901 [Worker-57: Building] INFO  o.a.m.s.f.DefaultMavenResourcesFiltering - Copying 0 resource from src\main\resources to target\classes
2024-10-25 12:01:11,901 [Worker-57: Building] INFO  o.a.m.s.f.DefaultMavenResourcesFiltering - Copying 0 resource from src\test\resources to target\test-classes
2024-10-25 12:01:13,842 [Stop Help Server] INFO  org.eclipse.jetty.server.Server - Stopped oejs.Server@13760b20{STOPPING}[12.0.12,sto=0]
2024-10-25 12:01:13,850 [Stop Help Server] INFO  o.e.jetty.server.AbstractConnector - Stopped ServerConnector@305f1440{HTTP/1.1, (http/1.1)}{127.0.0.1:0}
2024-10-25 18:04:27,836 [Worker-6: Loading available Gradle versions] INFO  o.e.b.c.i.u.g.PublishedGradleVersions - Gradle version information cache is up-to-date. Trying to read.
2024-10-25 18:06:17,238 [Worker-27: Launching mavenrun-2a09be27-64a2-405b-8a55-766a3e6d84ee] INFO  o.eclipse.m2e.core.internal.Bundles - getClasspathEntries(Bundle=org.eclipse.m2e.maven.runtime_3.9.900.20240824-1409 [640])
2024-10-25 18:06:17,243 [Worker-27: Launching mavenrun-2a09be27-64a2-405b-8a55-766a3e6d84ee] INFO  o.eclipse.m2e.core.internal.Bundles - 	Entry: C:\Users\rishi\.p2\pool\plugins\org.eclipse.m2e.maven.runtime_3.9.900.20240824-1409
2024-10-25 18:06:17,244 [Worker-27: Launching mavenrun-2a09be27-64a2-405b-8a55-766a3e6d84ee] INFO  o.eclipse.m2e.core.internal.Bundles - 	Entry: C:\Users\rishi\.p2\pool\plugins\org.eclipse.m2e.maven.runtime_3.9.900.20240824-1409\jars\aopalliance-1.0.jar
2024-10-25 18:06:17,244 [Worker-27: Launching mavenrun-2a09be27-64a2-405b-8a55-766a3e6d84ee] INFO  o.eclipse.m2e.core.internal.Bundles - 	Entry: C:\Users\rishi\.p2\pool\plugins\org.eclipse.m2e.maven.runtime_3.9.900.20240824-1409\jars\guice-5.1.0.jar
2024-10-25 18:06:17,245 [Worker-27: Launching mavenrun-2a09be27-64a2-405b-8a55-766a3e6d84ee] INFO  o.eclipse.m2e.core.internal.Bundles - 	Entry: C:\Users\rishi\.p2\pool\plugins\org.eclipse.m2e.maven.runtime_3.9.900.20240824-1409\jars\httpclient-4.5.14.jar
2024-10-25 18:06:17,245 [Worker-27: Launching mavenrun-2a09be27-64a2-405b-8a55-766a3e6d84ee] INFO  o.eclipse.m2e.core.internal.Bundles - 	Entry: C:\Users\rishi\.p2\pool\plugins\org.eclipse.m2e.maven.runtime_3.9.900.20240824-1409\jars\httpcore-4.4.16.jar
2024-10-25 18:06:17,246 [Worker-27: Launching mavenrun-2a09be27-64a2-405b-8a55-766a3e6d84ee] INFO  o.eclipse.m2e.core.internal.Bundles - 	Entry: C:\Users\rishi\.p2\pool\plugins\org.eclipse.m2e.maven.runtime_3.9.900.20240824-1409\jars\jansi-2.4.1.jar
2024-10-25 18:06:17,246 [Worker-27: Launching mavenrun-2a09be27-64a2-405b-8a55-766a3e6d84ee] INFO  o.eclipse.m2e.core.internal.Bundles - 	Entry: C:\Users\rishi\.p2\pool\plugins\org.eclipse.m2e.maven.runtime_3.9.900.20240824-1409\jars\jcl-over-slf4j-1.7.36.jar
2024-10-25 18:06:17,247 [Worker-27: Launching mavenrun-2a09be27-64a2-405b-8a55-766a3e6d84ee] INFO  o.eclipse.m2e.core.internal.Bundles - 	Entry: C:\Users\rishi\.p2\pool\plugins\org.eclipse.m2e.maven.runtime_3.9.900.20240824-1409\jars\maven-artifact-3.9.9.jar
2024-10-25 18:06:17,247 [Worker-27: Launching mavenrun-2a09be27-64a2-405b-8a55-766a3e6d84ee] INFO  o.eclipse.m2e.core.internal.Bundles - 	Entry: C:\Users\rishi\.p2\pool\plugins\org.eclipse.m2e.maven.runtime_3.9.900.20240824-1409\jars\maven-builder-support-3.9.9.jar
2024-10-25 18:06:17,248 [Worker-27: Launching mavenrun-2a09be27-64a2-405b-8a55-766a3e6d84ee] INFO  o.eclipse.m2e.core.internal.Bundles - 	Entry: C:\Users\rishi\.p2\pool\plugins\org.eclipse.m2e.maven.runtime_3.9.900.20240824-1409\jars\maven-compat-3.9.9.jar
2024-10-25 18:06:17,248 [Worker-27: Launching mavenrun-2a09be27-64a2-405b-8a55-766a3e6d84ee] INFO  o.eclipse.m2e.core.internal.Bundles - 	Entry: C:\Users\rishi\.p2\pool\plugins\org.eclipse.m2e.maven.runtime_3.9.900.20240824-1409\jars\maven-core-3.9.9.jar
2024-10-25 18:06:17,248 [Worker-27: Launching mavenrun-2a09be27-64a2-405b-8a55-766a3e6d84ee] INFO  o.eclipse.m2e.core.internal.Bundles - 	Entry: C:\Users\rishi\.p2\pool\plugins\org.eclipse.m2e.maven.runtime_3.9.900.20240824-1409\jars\maven-embedder-3.9.9.jar
2024-10-25 18:06:17,249 [Worker-27: Launching mavenrun-2a09be27-64a2-405b-8a55-766a3e6d84ee] INFO  o.eclipse.m2e.core.internal.Bundles - 	Entry: C:\Users\rishi\.p2\pool\plugins\org.eclipse.m2e.maven.runtime_3.9.900.20240824-1409\jars\maven-model-3.9.9.jar
2024-10-25 18:06:17,249 [Worker-27: Launching mavenrun-2a09be27-64a2-405b-8a55-766a3e6d84ee] INFO  o.eclipse.m2e.core.internal.Bundles - 	Entry: C:\Users\rishi\.p2\pool\plugins\org.eclipse.m2e.maven.runtime_3.9.900.20240824-1409\jars\maven-model-builder-3.9.9.jar
2024-10-25 18:06:17,249 [Worker-27: Launching mavenrun-2a09be27-64a2-405b-8a55-766a3e6d84ee] INFO  o.eclipse.m2e.core.internal.Bundles - 	Entry: C:\Users\rishi\.p2\pool\plugins\org.eclipse.m2e.maven.runtime_3.9.900.20240824-1409\jars\maven-plugin-api-3.9.9.jar
2024-10-25 18:06:17,250 [Worker-27: Launching mavenrun-2a09be27-64a2-405b-8a55-766a3e6d84ee] INFO  o.eclipse.m2e.core.internal.Bundles - 	Entry: C:\Users\rishi\.p2\pool\plugins\org.eclipse.m2e.maven.runtime_3.9.900.20240824-1409\jars\maven-repository-metadata-3.9.9.jar
2024-10-25 18:06:17,250 [Worker-27: Launching mavenrun-2a09be27-64a2-405b-8a55-766a3e6d84ee] INFO  o.eclipse.m2e.core.internal.Bundles - 	Entry: C:\Users\rishi\.p2\pool\plugins\org.eclipse.m2e.maven.runtime_3.9.900.20240824-1409\jars\maven-resolver-api-1.9.22.jar
2024-10-25 18:06:17,251 [Worker-27: Launching mavenrun-2a09be27-64a2-405b-8a55-766a3e6d84ee] INFO  o.eclipse.m2e.core.internal.Bundles - 	Entry: C:\Users\rishi\.p2\pool\plugins\org.eclipse.m2e.maven.runtime_3.9.900.20240824-1409\jars\maven-resolver-connector-basic-1.9.22.jar
2024-10-25 18:06:17,251 [Worker-27: Launching mavenrun-2a09be27-64a2-405b-8a55-766a3e6d84ee] INFO  o.eclipse.m2e.core.internal.Bundles - 	Entry: C:\Users\rishi\.p2\pool\plugins\org.eclipse.m2e.maven.runtime_3.9.900.20240824-1409\jars\maven-resolver-impl-1.9.22.jar
2024-10-25 18:06:17,252 [Worker-27: Launching mavenrun-2a09be27-64a2-405b-8a55-766a3e6d84ee] INFO  o.eclipse.m2e.core.internal.Bundles - 	Entry: C:\Users\rishi\.p2\pool\plugins\org.eclipse.m2e.maven.runtime_3.9.900.20240824-1409\jars\maven-resolver-named-locks-1.9.22.jar
2024-10-25 18:06:17,252 [Worker-27: Launching mavenrun-2a09be27-64a2-405b-8a55-766a3e6d84ee] INFO  o.eclipse.m2e.core.internal.Bundles - 	Entry: C:\Users\rishi\.p2\pool\plugins\org.eclipse.m2e.maven.runtime_3.9.900.20240824-1409\jars\maven-resolver-provider-3.9.9.jar
2024-10-25 18:06:17,252 [Worker-27: Launching mavenrun-2a09be27-64a2-405b-8a55-766a3e6d84ee] INFO  o.eclipse.m2e.core.internal.Bundles - 	Entry: C:\Users\rishi\.p2\pool\plugins\org.eclipse.m2e.maven.runtime_3.9.900.20240824-1409\jars\maven-resolver-spi-1.9.22.jar
2024-10-25 18:06:17,253 [Worker-27: Launching mavenrun-2a09be27-64a2-405b-8a55-766a3e6d84ee] INFO  o.eclipse.m2e.core.internal.Bundles - 	Entry: C:\Users\rishi\.p2\pool\plugins\org.eclipse.m2e.maven.runtime_3.9.900.20240824-1409\jars\maven-resolver-transport-file-1.9.22.jar
2024-10-25 18:06:17,253 [Worker-27: Launching mavenrun-2a09be27-64a2-405b-8a55-766a3e6d84ee] INFO  o.eclipse.m2e.core.internal.Bundles - 	Entry: C:\Users\rishi\.p2\pool\plugins\org.eclipse.m2e.maven.runtime_3.9.900.20240824-1409\jars\maven-resolver-transport-http-1.9.22.jar
2024-10-25 18:06:17,254 [Worker-27: Launching mavenrun-2a09be27-64a2-405b-8a55-766a3e6d84ee] INFO  o.eclipse.m2e.core.internal.Bundles - 	Entry: C:\Users\rishi\.p2\pool\plugins\org.eclipse.m2e.maven.runtime_3.9.900.20240824-1409\jars\maven-resolver-transport-wagon-1.9.22.jar
2024-10-25 18:06:17,254 [Worker-27: Launching mavenrun-2a09be27-64a2-405b-8a55-766a3e6d84ee] INFO  o.eclipse.m2e.core.internal.Bundles - 	Entry: C:\Users\rishi\.p2\pool\plugins\org.eclipse.m2e.maven.runtime_3.9.900.20240824-1409\jars\maven-resolver-util-1.9.22.jar
2024-10-25 18:06:17,254 [Worker-27: Launching mavenrun-2a09be27-64a2-405b-8a55-766a3e6d84ee] INFO  o.eclipse.m2e.core.internal.Bundles - 	Entry: C:\Users\rishi\.p2\pool\plugins\org.eclipse.m2e.maven.runtime_3.9.900.20240824-1409\jars\maven-settings-3.9.9.jar
2024-10-25 18:06:17,255 [Worker-27: Launching mavenrun-2a09be27-64a2-405b-8a55-766a3e6d84ee] INFO  o.eclipse.m2e.core.internal.Bundles - 	Entry: C:\Users\rishi\.p2\pool\plugins\org.eclipse.m2e.maven.runtime_3.9.900.20240824-1409\jars\maven-settings-builder-3.9.9.jar
2024-10-25 18:06:17,255 [Worker-27: Launching mavenrun-2a09be27-64a2-405b-8a55-766a3e6d84ee] INFO  o.eclipse.m2e.core.internal.Bundles - 	Entry: C:\Users\rishi\.p2\pool\plugins\org.eclipse.m2e.maven.runtime_3.9.900.20240824-1409\jars\maven-shared-utils-3.4.2.jar
2024-10-25 18:06:17,256 [Worker-27: Launching mavenrun-2a09be27-64a2-405b-8a55-766a3e6d84ee] INFO  o.eclipse.m2e.core.internal.Bundles - 	Entry: C:\Users\rishi\.p2\pool\plugins\org.eclipse.m2e.maven.runtime_3.9.900.20240824-1409\jars\org.eclipse.sisu.inject-0.9.0.M3.jar
2024-10-25 18:06:17,257 [Worker-27: Launching mavenrun-2a09be27-64a2-405b-8a55-766a3e6d84ee] INFO  o.eclipse.m2e.core.internal.Bundles - 	Entry: C:\Users\rishi\.p2\pool\plugins\org.eclipse.m2e.maven.runtime_3.9.900.20240824-1409\jars\org.eclipse.sisu.plexus-0.9.0.M3.jar
2024-10-25 18:06:17,257 [Worker-27: Launching mavenrun-2a09be27-64a2-405b-8a55-766a3e6d84ee] INFO  o.eclipse.m2e.core.internal.Bundles - 	Entry: C:\Users\rishi\.p2\pool\plugins\org.eclipse.m2e.maven.runtime_3.9.900.20240824-1409\jars\plexus-build-api-0.0.7.jar
2024-10-25 18:06:17,257 [Worker-27: Launching mavenrun-2a09be27-64a2-405b-8a55-766a3e6d84ee] INFO  o.eclipse.m2e.core.internal.Bundles - 	Entry: C:\Users\rishi\.p2\pool\plugins\org.eclipse.m2e.maven.runtime_3.9.900.20240824-1409\jars\plexus-build-api-1.2.0.jar
2024-10-25 18:06:17,258 [Worker-27: Launching mavenrun-2a09be27-64a2-405b-8a55-766a3e6d84ee] INFO  o.eclipse.m2e.core.internal.Bundles - 	Entry: C:\Users\rishi\.p2\pool\plugins\org.eclipse.m2e.maven.runtime_3.9.900.20240824-1409\jars\plexus-cipher-2.0.jar
2024-10-25 18:06:17,258 [Worker-27: Launching mavenrun-2a09be27-64a2-405b-8a55-766a3e6d84ee] INFO  o.eclipse.m2e.core.internal.Bundles - 	Entry: C:\Users\rishi\.p2\pool\plugins\org.eclipse.m2e.maven.runtime_3.9.900.20240824-1409\jars\plexus-classworlds-2.8.0.jar
2024-10-25 18:06:17,258 [Worker-27: Launching mavenrun-2a09be27-64a2-405b-8a55-766a3e6d84ee] INFO  o.eclipse.m2e.core.internal.Bundles - 	Entry: C:\Users\rishi\.p2\pool\plugins\org.eclipse.m2e.maven.runtime_3.9.900.20240824-1409\jars\plexus-component-annotations-2.1.0.jar
2024-10-25 18:06:17,259 [Worker-27: Launching mavenrun-2a09be27-64a2-405b-8a55-766a3e6d84ee] INFO  o.eclipse.m2e.core.internal.Bundles - 	Entry: C:\Users\rishi\.p2\pool\plugins\org.eclipse.m2e.maven.runtime_3.9.900.20240824-1409\jars\plexus-interpolation-1.27.jar
2024-10-25 18:06:17,259 [Worker-27: Launching mavenrun-2a09be27-64a2-405b-8a55-766a3e6d84ee] INFO  o.eclipse.m2e.core.internal.Bundles - 	Entry: C:\Users\rishi\.p2\pool\plugins\org.eclipse.m2e.maven.runtime_3.9.900.20240824-1409\jars\plexus-sec-dispatcher-2.0.jar
2024-10-25 18:06:17,259 [Worker-27: Launching mavenrun-2a09be27-64a2-405b-8a55-766a3e6d84ee] INFO  o.eclipse.m2e.core.internal.Bundles - 	Entry: C:\Users\rishi\.p2\pool\plugins\org.eclipse.m2e.maven.runtime_3.9.900.20240824-1409\jars\plexus-utils-3.5.1.jar
2024-10-25 18:06:17,260 [Worker-27: Launching mavenrun-2a09be27-64a2-405b-8a55-766a3e6d84ee] INFO  o.eclipse.m2e.core.internal.Bundles - 	Entry: C:\Users\rishi\.p2\pool\plugins\org.eclipse.m2e.maven.runtime_3.9.900.20240824-1409\jars\plexus-xml-3.0.1.jar
2024-10-25 18:06:17,260 [Worker-27: Launching mavenrun-2a09be27-64a2-405b-8a55-766a3e6d84ee] INFO  o.eclipse.m2e.core.internal.Bundles - 	Entry: C:\Users\rishi\.p2\pool\plugins\org.eclipse.m2e.maven.runtime_3.9.900.20240824-1409\jars\wagon-file-3.5.3.jar
2024-10-25 18:06:17,260 [Worker-27: Launching mavenrun-2a09be27-64a2-405b-8a55-766a3e6d84ee] INFO  o.eclipse.m2e.core.internal.Bundles - 	Entry: C:\Users\rishi\.p2\pool\plugins\org.eclipse.m2e.maven.runtime_3.9.900.20240824-1409\jars\wagon-http-3.5.3.jar
2024-10-25 18:06:17,261 [Worker-27: Launching mavenrun-2a09be27-64a2-405b-8a55-766a3e6d84ee] INFO  o.eclipse.m2e.core.internal.Bundles - 	Entry: C:\Users\rishi\.p2\pool\plugins\org.eclipse.m2e.maven.runtime_3.9.900.20240824-1409\jars\wagon-http-shared-3.5.3.jar
2024-10-25 18:06:17,261 [Worker-27: Launching mavenrun-2a09be27-64a2-405b-8a55-766a3e6d84ee] INFO  o.eclipse.m2e.core.internal.Bundles - 	Entry: C:\Users\rishi\.p2\pool\plugins\org.eclipse.m2e.maven.runtime_3.9.900.20240824-1409\jars\wagon-provider-api-3.5.3.jar
2024-10-25 18:06:17,265 [Worker-27: Launching mavenrun-2a09be27-64a2-405b-8a55-766a3e6d84ee] INFO  o.eclipse.m2e.core.internal.Bundles - getClasspathEntries(Bundle=com.google.guava_33.3.0.jre [16])
2024-10-25 18:06:17,266 [Worker-27: Launching mavenrun-2a09be27-64a2-405b-8a55-766a3e6d84ee] INFO  o.eclipse.m2e.core.internal.Bundles - 	Entry: C:\Users\rishi\.p2\pool\plugins\com.google.guava_33.3.0.jre.jar
2024-10-25 18:06:17,266 [Worker-27: Launching mavenrun-2a09be27-64a2-405b-8a55-766a3e6d84ee] INFO  o.eclipse.m2e.core.internal.Bundles - getClasspathEntries(Bundle=slf4j.api_2.0.16 [1005])
2024-10-25 18:06:17,267 [Worker-27: Launching mavenrun-2a09be27-64a2-405b-8a55-766a3e6d84ee] INFO  o.eclipse.m2e.core.internal.Bundles - 	Entry: C:\Users\rishi\.p2\pool\plugins\slf4j.api_2.0.16.jar
2024-10-25 18:06:17,267 [Worker-27: Launching mavenrun-2a09be27-64a2-405b-8a55-766a3e6d84ee] INFO  o.eclipse.m2e.core.internal.Bundles - getClasspathEntries(Bundle=jakarta.inject.jakarta.inject-api_1.0.5 [34])
2024-10-25 18:06:17,268 [Worker-27: Launching mavenrun-2a09be27-64a2-405b-8a55-766a3e6d84ee] INFO  o.eclipse.m2e.core.internal.Bundles - 	Entry: C:\Users\rishi\.p2\pool\plugins\jakarta.inject.jakarta.inject-api_1.0.5.jar
2024-10-25 18:06:17,269 [Worker-27: Launching mavenrun-2a09be27-64a2-405b-8a55-766a3e6d84ee] INFO  o.eclipse.m2e.core.internal.Bundles - getClasspathEntries(Bundle=jakarta.annotation-api_1.3.5 [29])
2024-10-25 18:06:17,269 [Worker-27: Launching mavenrun-2a09be27-64a2-405b-8a55-766a3e6d84ee] INFO  o.eclipse.m2e.core.internal.Bundles - 	Entry: C:\Users\rishi\.p2\pool\plugins\jakarta.annotation-api_1.3.5.jar
2024-10-25 18:06:17,270 [Worker-27: Launching mavenrun-2a09be27-64a2-405b-8a55-766a3e6d84ee] INFO  o.eclipse.m2e.core.internal.Bundles - getClasspathEntries(Bundle=org.apache.commons.cli_1.9.0 [78])
2024-10-25 18:06:17,271 [Worker-27: Launching mavenrun-2a09be27-64a2-405b-8a55-766a3e6d84ee] INFO  o.eclipse.m2e.core.internal.Bundles - 	Entry: C:\Users\rishi\.p2\pool\plugins\org.apache.commons.cli_1.9.0.jar
2024-10-25 18:06:17,271 [Worker-27: Launching mavenrun-2a09be27-64a2-405b-8a55-766a3e6d84ee] INFO  o.eclipse.m2e.core.internal.Bundles - getClasspathEntries(Bundle=org.apache.commons.commons-codec_1.16.0 [81])
2024-10-25 18:06:17,272 [Worker-27: Launching mavenrun-2a09be27-64a2-405b-8a55-766a3e6d84ee] INFO  o.eclipse.m2e.core.internal.Bundles - 	Entry: C:\Users\rishi\.p2\pool\plugins\org.apache.commons.commons-codec_1.16.0.jar
2024-10-25 18:06:17,273 [Worker-27: Launching mavenrun-2a09be27-64a2-405b-8a55-766a3e6d84ee] INFO  o.eclipse.m2e.core.internal.Bundles - getClasspathEntries(Bundle=com.google.guava.failureaccess_1.0.2 [17])
2024-10-25 18:06:17,274 [Worker-27: Launching mavenrun-2a09be27-64a2-405b-8a55-766a3e6d84ee] INFO  o.eclipse.m2e.core.internal.Bundles - 	Entry: C:\Users\rishi\.p2\pool\plugins\com.google.guava.failureaccess_1.0.2.jar
2024-10-25 18:06:17,287 [Worker-27: Launching mavenrun-2a09be27-64a2-405b-8a55-766a3e6d84ee] INFO  o.e.m.i.launch.MavenLaunchDelegate - Run build in "C:\Users\rishi\AppData\Local\Temp\m2e-archetypeGenerator1195818927754003400":
2024-10-25 18:06:17,294 [Worker-27: Launching mavenrun-2a09be27-64a2-405b-8a55-766a3e6d84ee] INFO  o.e.m.i.launch.MavenLaunchDelegate -  mvn  -DarchetypeGroupId=org.apache.maven.archetypes -DarchetypeArtifactId=maven-archetype-webapp -DarchetypeVersion=1.0 -DgroupId=revision_01 -DartifactId=revise_of_hibernate -Dversion=0.0.1-SNAPSHOT -Dpackage=revision_01.revise_of_hibernate -DoutputDirectory=D:\Learning-Hivernate -Dstyle.color=always -U archetype:generate
2024-10-25 18:06:45,361 [Worker-6: Creating maven-archetype-webapp] INFO  o.e.m.c.i.p.ProjectConfigurationManager - Collecting project info '/pom.xml' D:\Learning-Hivernate\revise_of_hibernate\pom.xml
2024-10-25 18:06:46,268 [Worker-6: Creating maven-archetype-webapp] INFO  o.e.m.c.i.l.LifecycleMappingFactory - Using org.maven.ide.eclipse.wtp.WarLifecycleMapping lifecycle mapping for MavenProject: revision_01:revise_of_hibernate:0.0.1-SNAPSHOT @ D:\Learning-Hivernate\revise_of_hibernate\pom.xml.
2024-10-25 18:06:47,266 [Worker-6: Creating maven-archetype-webapp] INFO  o.e.m.j.i.AbstractJavaProjectConfigurator - Adding source folder /revise_of_hibernate/src/main/java
2024-10-25 18:06:47,268 [Worker-6: Creating maven-archetype-webapp] INFO  o.e.m.j.i.AbstractJavaProjectConfigurator - Adding resource folder /revise_of_hibernate/src/main/resources
2024-10-25 18:06:47,269 [Worker-6: Creating maven-archetype-webapp] INFO  o.e.m.j.i.AbstractJavaProjectConfigurator - Adding source folder /revise_of_hibernate/src/test/java
2024-10-25 18:06:47,271 [Worker-6: Creating maven-archetype-webapp] INFO  o.e.m.j.i.AbstractJavaProjectConfigurator - Adding resource folder /revise_of_hibernate/src/test/resources
2024-10-25 18:06:49,011 [Worker-6: Creating maven-archetype-webapp] INFO  o.e.m.c.i.p.ProjectConfigurationManager - Imported and configured 1 project(s) in 3 sec
2024-10-25 18:06:49,650 [Worker-13: Building] WARN  o.a.m.s.f.DefaultMavenResourcesFiltering - Using platform encoding (UTF-8 actually) to copy filtered resources, i.e. build is platform dependent!
2024-10-25 18:06:49,669 [Worker-13: Building] INFO  o.a.m.s.f.DefaultMavenResourcesFiltering - Copying 0 resource from src\main\resources to target\classes
2024-10-25 18:06:49,679 [Worker-13: Building] WARN  o.a.m.s.f.DefaultMavenResourcesFiltering - Using platform encoding (UTF-8 actually) to copy filtered resources, i.e. build is platform dependent!
2024-10-25 18:06:49,682 [Worker-13: Building] INFO  o.a.m.s.f.DefaultMavenResourcesFiltering - skip non existing resourceDirectory D:\Learning-Hivernate\revise_of_hibernate\src\test\resources
2024-10-25 18:09:24,244 [Worker-27: Building] INFO  o.e.m.c.i.l.LifecycleMappingFactory - Using org.maven.ide.eclipse.wtp.WarLifecycleMapping lifecycle mapping for MavenProject: revision_01:revise_of_hibernate:0.0.1-SNAPSHOT @ D:\Learning-Hivernate\revise_of_hibernate\pom.xml.
2024-10-25 18:09:25,782 [Worker-27: Building] INFO  o.a.m.s.f.DefaultMavenResourcesFiltering - Copying 0 resource from src\main\resources to target\classes
2024-10-25 18:09:25,788 [Worker-27: Building] INFO  o.a.m.s.f.DefaultMavenResourcesFiltering - skip non existing resourceDirectory D:\Learning-Hivernate\revise_of_hibernate\src\test\resources
2024-10-25 18:09:25,789 [Worker-27: Building] INFO  o.e.m.w.i.f.ResourceFilteringBuildParticipant - Changed resources require a complete clean of filtered resources of revise_of_hibernate
2024-10-25 18:09:25,791 [Worker-27: Building] INFO  o.e.m.w.i.f.ResourceFilteringBuildParticipant - Executing resource filtering for revise_of_hibernate
2024-10-25 18:09:53,501 [Worker-1: Updating Maven Project] INFO  o.e.m.c.i.p.ProjectConfigurationManager - Update started
2024-10-25 18:09:53,877 [Worker-1: Updating Maven Project] INFO  o.e.m.c.i.l.LifecycleMappingFactory - Using org.maven.ide.eclipse.wtp.WarLifecycleMapping lifecycle mapping for MavenProject: revision_01:revise_of_hibernate:0.0.1-SNAPSHOT @ D:\Learning-Hivernate\revise_of_hibernate\pom.xml.
2024-10-25 18:09:55,273 [Worker-1: Updating Maven Project] INFO  o.e.m.j.i.AbstractJavaProjectConfigurator - Adding source folder /revise_of_hibernate/src/main/java
2024-10-25 18:09:55,274 [Worker-1: Updating Maven Project] INFO  o.e.m.j.i.AbstractJavaProjectConfigurator - Adding resource folder /revise_of_hibernate/src/main/resources
2024-10-25 18:09:55,282 [Worker-1: Updating Maven Project] INFO  o.e.m.j.i.AbstractJavaProjectConfigurator - Adding source folder /revise_of_hibernate/src/test/java
2024-10-25 18:09:55,283 [Worker-1: Updating Maven Project] INFO  o.e.m.j.i.AbstractJavaProjectConfigurator - Adding resource folder /revise_of_hibernate/src/test/resources
2024-10-25 18:09:56,287 [Worker-1: Updating Maven Project] INFO  o.e.m.w.i.f.ResourceFilteringBuildParticipant - Cleaning filtered folder for revise_of_hibernate
2024-10-25 18:09:56,310 [Worker-1: Updating Maven Project] INFO  o.e.m.c.i.p.ProjectConfigurationManager - Update completed for 1 poms: local refresh takes 0.00 sec, refresh facades takes 1.00 sec, update config takes 0.00 sec 
2024-10-25 18:09:56,394 [Worker-21: Building Project revise_of_hibernate] INFO  o.a.m.s.f.DefaultMavenResourcesFiltering - Copying 0 resource from src\main\resources to target\classes
2024-10-25 18:09:56,400 [Worker-21: Building Project revise_of_hibernate] INFO  o.a.m.s.f.DefaultMavenResourcesFiltering - skip non existing resourceDirectory D:\Learning-Hivernate\revise_of_hibernate\src\test\resources
2024-10-25 18:09:56,401 [Worker-21: Building Project revise_of_hibernate] INFO  o.e.m.w.i.f.ResourceFilteringBuildParticipant - Changed resources require a complete clean of filtered resources of revise_of_hibernate
2024-10-25 18:09:56,401 [Worker-21: Building Project revise_of_hibernate] INFO  o.e.m.w.i.f.ResourceFilteringBuildParticipant - Executing resource filtering for revise_of_hibernate
2024-10-25 18:10:33,178 [Worker-32: Building] INFO  o.a.m.s.f.DefaultMavenResourcesFiltering - Copying 0 resource from src\main\resources to target\classes
2024-10-25 18:10:33,186 [Worker-32: Building] INFO  o.a.m.s.f.DefaultMavenResourcesFiltering - Copying 0 resource from src\test\resources to target\test-classes
2024-10-25 18:10:49,663 [Worker-13: Building] INFO  o.e.m.c.i.l.LifecycleMappingFactory - Using org.maven.ide.eclipse.wtp.WarLifecycleMapping lifecycle mapping for MavenProject: revision_01:revise_of_hibernate:0.0.1-SNAPSHOT @ D:\Learning-Hivernate\revise_of_hibernate\pom.xml.
2024-10-25 18:10:51,104 [Worker-13: Building] INFO  o.a.m.s.f.DefaultMavenResourcesFiltering - Copying 0 resource from src\main\resources to target\classes
2024-10-25 18:10:51,109 [Worker-13: Building] INFO  o.a.m.s.f.DefaultMavenResourcesFiltering - Copying 0 resource from src\test\resources to target\test-classes
2024-10-25 18:10:51,109 [Worker-13: Building] INFO  o.e.m.w.i.f.ResourceFilteringBuildParticipant - Changed resources require a complete clean of filtered resources of revise_of_hibernate
2024-10-25 18:10:51,109 [Worker-13: Building] INFO  o.e.m.w.i.f.ResourceFilteringBuildParticipant - Executing resource filtering for revise_of_hibernate
2024-10-25 18:12:08,486 [Worker-3: Building] INFO  o.a.m.s.f.DefaultMavenResourcesFiltering - Copying 0 resource from src\main\resources to target\classes
2024-10-25 18:12:08,491 [Worker-3: Building] INFO  o.a.m.s.f.DefaultMavenResourcesFiltering - Copying 0 resource from src\test\resources to target\test-classes
2024-10-25 18:12:45,537 [Worker-6: Building] INFO  o.a.m.s.f.DefaultMavenResourcesFiltering - Copying 0 resource from src\main\resources to target\classes
2024-10-25 18:12:45,542 [Worker-6: Building] INFO  o.a.m.s.f.DefaultMavenResourcesFiltering - Copying 0 resource from src\test\resources to target\test-classes
2024-10-25 18:13:56,293 [Worker-33: Building] INFO  o.a.m.s.f.DefaultMavenResourcesFiltering - Copying 0 resource from src\main\resources to target\classes
2024-10-25 18:13:56,299 [Worker-33: Building] INFO  o.a.m.s.f.DefaultMavenResourcesFiltering - Copying 0 resource from src\test\resources to target\test-classes
2024-10-25 18:14:53,253 [Worker-32: Building] INFO  o.a.m.s.f.DefaultMavenResourcesFiltering - Copying 0 resource from src\main\resources to target\classes
2024-10-25 18:14:53,258 [Worker-32: Building] INFO  o.a.m.s.f.DefaultMavenResourcesFiltering - Copying 0 resource from src\test\resources to target\test-classes
2024-10-25 18:15:11,217 [Start Help Server] INFO  org.eclipse.jetty.server.Server - jetty-12.0.12; built: 2024-07-25T21:58:37.668Z; git: cc6f1b74db755fed228b50701ad967aeaa68e83f; jvm 21.0.4+7-LTS
2024-10-25 18:15:11,311 [Start Help Server] INFO  o.e.j.server.handler.ContextHandler - Started oeje8n.ContextHandler$CoreContextHandler@53077697{/help,/help,b=null,a=AVAILABLE,h=oeje8n.ContextHandler$CoreContextHandler$CoreToNestedHandler@b27eaae{STARTED}}
2024-10-25 18:15:11,313 [Start Help Server] INFO  o.e.j.s.DefaultSessionIdManager - Session workerName=node0
2024-10-25 18:15:11,359 [Start Help Server] INFO  o.e.jetty.server.AbstractConnector - Started ServerConnector@5975b0{HTTP/1.1, (http/1.1)}{127.0.0.1:49748}
2024-10-25 18:15:11,395 [Start Help Server] INFO  org.eclipse.jetty.server.Server - Started oejs.Server@7f40e16e{STARTING}[12.0.12,sto=0] @687587ms
2024-10-25 18:18:04,719 [Worker-33: Building] INFO  o.a.m.s.f.DefaultMavenResourcesFiltering - Copying 0 resource from src\main\resources to target\classes
2024-10-25 18:18:04,724 [Worker-33: Building] INFO  o.a.m.s.f.DefaultMavenResourcesFiltering - Copying 0 resource from src\test\resources to target\test-classes
2024-10-25 18:20:50,705 [Worker-6: Building] INFO  o.a.m.s.f.DefaultMavenResourcesFiltering - Copying 0 resource from src\main\resources to target\classes
2024-10-25 18:20:50,711 [Worker-6: Building] INFO  o.a.m.s.f.DefaultMavenResourcesFiltering - Copying 0 resource from src\test\resources to target\test-classes
2024-10-25 18:27:36,189 [Worker-35: Building] INFO  o.a.m.s.f.DefaultMavenResourcesFiltering - Copying 0 resource from src\main\resources to target\classes
2024-10-25 18:27:36,197 [Worker-35: Building] INFO  o.a.m.s.f.DefaultMavenResourcesFiltering - Copying 0 resource from src\test\resources to target\test-classes
2024-10-25 18:32:15,465 [Worker-3: Building] INFO  o.a.m.s.f.DefaultMavenResourcesFiltering - Copying 0 resource from src\main\resources to target\classes
2024-10-25 18:32:15,475 [Worker-3: Building] INFO  o.a.m.s.f.DefaultMavenResourcesFiltering - Copying 0 resource from src\test\resources to target\test-classes
2024-10-25 18:32:37,147 [Worker-36: Building] INFO  o.a.m.s.f.DefaultMavenResourcesFiltering - Copying 0 resource from src\main\resources to target\classes
2024-10-25 18:32:37,156 [Worker-36: Building] INFO  o.a.m.s.f.DefaultMavenResourcesFiltering - Copying 0 resource from src\test\resources to target\test-classes
2024-10-25 18:32:55,192 [Worker-36: Building] INFO  o.a.m.s.f.DefaultMavenResourcesFiltering - Copying 0 resource from src\main\resources to target\classes
2024-10-25 18:32:55,199 [Worker-36: Building] INFO  o.a.m.s.f.DefaultMavenResourcesFiltering - Copying 0 resource from src\test\resources to target\test-classes
2024-10-25 19:22:09,424 [Worker-37: Building] INFO  o.a.m.s.f.DefaultMavenResourcesFiltering - Copying 0 resource from src\main\resources to target\classes
2024-10-25 19:22:09,429 [Worker-37: Building] INFO  o.a.m.s.f.DefaultMavenResourcesFiltering - Copying 0 resource from src\test\resources to target\test-classes
2024-10-25 19:22:29,569 [Worker-36: Building] INFO  o.a.m.s.f.DefaultMavenResourcesFiltering - Copying 0 resource from src\main\resources to target\classes
2024-10-25 19:22:29,576 [Worker-36: Building] INFO  o.a.m.s.f.DefaultMavenResourcesFiltering - Copying 0 resource from src\test\resources to target\test-classes
2024-10-25 19:23:37,582 [Worker-36: Building] INFO  o.a.m.s.f.DefaultMavenResourcesFiltering - Copying 0 resource from src\main\resources to target\classes
2024-10-25 19:23:37,591 [Worker-36: Building] INFO  o.a.m.s.f.DefaultMavenResourcesFiltering - Copying 0 resource from src\test\resources to target\test-classes
2024-10-25 19:25:44,918 [Worker-37: Building] INFO  o.a.m.s.f.DefaultMavenResourcesFiltering - Copying 0 resource from src\main\resources to target\classes
2024-10-25 19:25:44,924 [Worker-37: Building] INFO  o.a.m.s.f.DefaultMavenResourcesFiltering - Copying 0 resource from src\test\resources to target\test-classes
2024-10-25 19:25:51,899 [Worker-38: Building] INFO  o.a.m.s.f.DefaultMavenResourcesFiltering - Copying 0 resource from src\main\resources to target\classes
2024-10-25 19:25:51,905 [Worker-38: Building] INFO  o.a.m.s.f.DefaultMavenResourcesFiltering - Copying 0 resource from src\test\resources to target\test-classes
2024-10-25 19:25:57,233 [Worker-33: Building] INFO  o.a.m.s.f.DefaultMavenResourcesFiltering - Copying 0 resource from src\main\resources to target\classes
2024-10-25 19:25:57,238 [Worker-33: Building] INFO  o.a.m.s.f.DefaultMavenResourcesFiltering - Copying 0 resource from src\test\resources to target\test-classes
2024-10-25 19:26:03,538 [Worker-39: Launching App (2)] INFO  o.a.m.s.f.DefaultMavenResourcesFiltering - Copying 0 resource from src\main\resources to target\classes
2024-10-25 19:26:03,544 [Worker-39: Launching App (2)] INFO  o.a.m.s.f.DefaultMavenResourcesFiltering - Copying 0 resource from src\test\resources to target\test-classes
2024-10-25 19:29:16,080 [Worker-33: Building] INFO  o.a.m.s.f.DefaultMavenResourcesFiltering - Copying 0 resource from src\main\resources to target\classes
2024-10-25 19:29:16,086 [Worker-33: Building] INFO  o.a.m.s.f.DefaultMavenResourcesFiltering - Copying 0 resource from src\test\resources to target\test-classes
2024-10-25 19:31:09,351 [Worker-34: Building] INFO  o.a.m.s.f.DefaultMavenResourcesFiltering - Copying 0 resource from src\main\resources to target\classes
2024-10-25 19:31:09,357 [Worker-34: Building] INFO  o.a.m.s.f.DefaultMavenResourcesFiltering - Copying 0 resource from src\test\resources to target\test-classes
2024-10-25 19:31:26,011 [Worker-33: Building] INFO  o.a.m.s.f.DefaultMavenResourcesFiltering - Copying 0 resource from src\main\resources to target\classes
2024-10-25 19:31:26,016 [Worker-33: Building] INFO  o.a.m.s.f.DefaultMavenResourcesFiltering - Copying 0 resource from src\test\resources to target\test-classes
2024-10-25 19:32:31,277 [Worker-34: Building] INFO  o.a.m.s.f.DefaultMavenResourcesFiltering - Copying 0 resource from src\main\resources to target\classes
2024-10-25 19:32:31,283 [Worker-34: Building] INFO  o.a.m.s.f.DefaultMavenResourcesFiltering - Copying 0 resource from src\test\resources to target\test-classes
2024-10-25 19:34:40,250 [Worker-38: Building] INFO  o.a.m.s.f.DefaultMavenResourcesFiltering - Copying 0 resource from src\main\resources to target\classes
2024-10-25 19:34:40,257 [Worker-38: Building] INFO  o.a.m.s.f.DefaultMavenResourcesFiltering - Copying 0 resource from src\test\resources to target\test-classes
2024-10-25 19:36:18,308 [Stop Help Server] INFO  org.eclipse.jetty.server.Server - Stopped oejs.Server@7f40e16e{STOPPING}[12.0.12,sto=0]
2024-10-25 19:36:18,317 [Stop Help Server] INFO  o.e.jetty.server.AbstractConnector - Stopped ServerConnector@5975b0{HTTP/1.1, (http/1.1)}{127.0.0.1:0}
2024-10-28 07:42:57,533 [Worker-7: Loading available Gradle versions] INFO  o.e.b.c.i.u.g.PublishedGradleVersions - Gradle version information cache is out-of-date. Trying to update.
